{"C:\\Users\\User\\ProxyEthica\\src\\index.js": {"path":"C:\\Users\\User\\ProxyEthica\\src\\index.js","statementMap":{"0":{"start":{"line":6,"column":15},"end":{"line":6,"column":32}},"1":{"start":{"line":7,"column":13},"end":{"line":7,"column":28}},"2":{"start":{"line":10,"column":0},"end":{"line":10,"column":16}},"3":{"start":{"line":13,"column":13},"end":{"line":13,"column":41}},"4":{"start":{"line":15,"column":0},"end":{"line":46,"column":1}},"5":{"start":{"line":17,"column":2},"end":{"line":17,"column":22}},"6":{"start":{"line":18,"column":7},"end":{"line":46,"column":1}},"7":{"start":{"line":20,"column":25},"end":{"line":20,"column":59}},"8":{"start":{"line":21,"column":17},"end":{"line":21,"column":37}},"9":{"start":{"line":24,"column":28},"end":{"line":24,"column":40}},"10":{"start":{"line":26,"column":2},"end":{"line":42,"column":3}},"11":{"start":{"line":27,"column":4},"end":{"line":27,"column":53}},"12":{"start":{"line":29,"column":4},"end":{"line":38,"column":9}},"13":{"start":{"line":31,"column":8},"end":{"line":31,"column":43}},"14":{"start":{"line":32,"column":8},"end":{"line":32,"column":30}},"15":{"start":{"line":33,"column":8},"end":{"line":33,"column":24}},"16":{"start":{"line":36,"column":8},"end":{"line":36,"column":56}},"17":{"start":{"line":37,"column":8},"end":{"line":37,"column":24}},"18":{"start":{"line":40,"column":4},"end":{"line":40,"column":49}},"19":{"start":{"line":41,"column":4},"end":{"line":41,"column":20}},"20":{"start":{"line":44,"column":2},"end":{"line":44,"column":68}},"21":{"start":{"line":45,"column":2},"end":{"line":45,"column":18}}},"fnMap":{"0":{"name":"(anonymous_0)","decl":{"start":{"line":30,"column":12},"end":{"line":30,"column":13}},"loc":{"start":{"line":30,"column":24},"end":{"line":34,"column":7}},"line":30},"1":{"name":"(anonymous_1)","decl":{"start":{"line":35,"column":13},"end":{"line":35,"column":14}},"loc":{"start":{"line":35,"column":22},"end":{"line":38,"column":7}},"line":35}},"branchMap":{"0":{"loc":{"start":{"line":13,"column":13},"end":{"line":13,"column":41}},"type":"binary-expr","locations":[{"start":{"line":13,"column":13},"end":{"line":13,"column":29}},{"start":{"line":13,"column":33},"end":{"line":13,"column":41}}],"line":13},"1":{"loc":{"start":{"line":15,"column":0},"end":{"line":46,"column":1}},"type":"if","locations":[{"start":{"line":15,"column":0},"end":{"line":46,"column":1}},{"start":{"line":18,"column":7},"end":{"line":46,"column":1}}],"line":15},"2":{"loc":{"start":{"line":18,"column":7},"end":{"line":46,"column":1}},"type":"if","locations":[{"start":{"line":18,"column":7},"end":{"line":46,"column":1}},{"start":{"line":43,"column":7},"end":{"line":46,"column":1}}],"line":18},"3":{"loc":{"start":{"line":26,"column":2},"end":{"line":42,"column":3}},"type":"if","locations":[{"start":{"line":26,"column":2},"end":{"line":42,"column":3}},{"start":{"line":39,"column":9},"end":{"line":42,"column":3}}],"line":26}},"s":{"0":0,"1":0,"2":0,"3":0,"4":0,"5":0,"6":0,"7":0,"8":0,"9":0,"10":0,"11":0,"12":0,"13":0,"14":0,"15":0,"16":0,"17":0,"18":0,"19":0,"20":0,"21":0},"f":{"0":0,"1":0},"b":{"0":[0,0],"1":[0,0],"2":[0,0],"3":[0,0]}}
,"C:\\Users\\User\\ProxyEthica\\src\\api\\contributorOnboarding.js": {"path":"C:\\Users\\User\\ProxyEthica\\src\\api\\contributorOnboarding.js","statementMap":{},"fnMap":{},"branchMap":{},"s":{},"f":{},"b":{}}
,"C:\\Users\\User\\ProxyEthica\\src\\api\\pricing.js": {"path":"C:\\Users\\User\\ProxyEthica\\src\\api\\pricing.js","statementMap":{},"fnMap":{},"branchMap":{},"s":{},"f":{},"b":{}}
,"C:\\Users\\User\\ProxyEthica\\src\\api\\swagger.js": {"path":"C:\\Users\\User\\ProxyEthica\\src\\api\\swagger.js","statementMap":{},"fnMap":{},"branchMap":{},"s":{},"f":{},"b":{}}
,"C:\\Users\\User\\ProxyEthica\\src\\api\\routes\\servers.js": {"path":"C:\\Users\\User\\ProxyEthica\\src\\api\\routes\\servers.js","statementMap":{},"fnMap":{},"branchMap":{},"s":{},"f":{},"b":{}}
,"C:\\Users\\User\\ProxyEthica\\src\\cli\\developer-dashboard.js": {"path":"C:\\Users\\User\\ProxyEthica\\src\\cli\\developer-dashboard.js","statementMap":{},"fnMap":{},"branchMap":{},"s":{},"f":{},"b":{}}
,"C:\\Users\\User\\ProxyEthica\\src\\cli\\user-dashboard.js": {"path":"C:\\Users\\User\\ProxyEthica\\src\\cli\\user-dashboard.js","statementMap":{},"fnMap":{},"branchMap":{},"s":{},"f":{},"b":{}}
,"C:\\Users\\User\\ProxyEthica\\src\\client\\ProxyAPIClient.js": {"path":"C:\\Users\\User\\ProxyEthica\\src\\client\\ProxyAPIClient.js","statementMap":{"0":{"start":{"line":6,"column":14},"end":{"line":6,"column":30}},"1":{"start":{"line":7,"column":28},"end":{"line":7,"column":56}},"2":{"start":{"line":8,"column":28},"end":{"line":8,"column":56}},"3":{"start":{"line":9,"column":16},"end":{"line":9,"column":30}},"4":{"start":{"line":10,"column":20},"end":{"line":10,"column":52}},"5":{"start":{"line":11,"column":23},"end":{"line":11,"column":38}},"6":{"start":{"line":12,"column":25},"end":{"line":12,"column":61}},"7":{"start":{"line":13,"column":26},"end":{"line":13,"column":63}},"8":{"start":{"line":17,"column":4},"end":{"line":20,"column":6}},"9":{"start":{"line":22,"column":4},"end":{"line":22,"column":31}},"10":{"start":{"line":23,"column":4},"end":{"line":23,"column":24}},"11":{"start":{"line":24,"column":4},"end":{"line":24,"column":36}},"12":{"start":{"line":25,"column":4},"end":{"line":25,"column":51}},"13":{"start":{"line":26,"column":4},"end":{"line":26,"column":30}},"14":{"start":{"line":35,"column":4},"end":{"line":40,"column":5}},"15":{"start":{"line":36,"column":18},"end":{"line":36,"column":35}},"16":{"start":{"line":37,"column":6},"end":{"line":37,"column":67}},"17":{"start":{"line":39,"column":6},"end":{"line":39,"column":19}},"18":{"start":{"line":49,"column":4},"end":{"line":51,"column":5}},"19":{"start":{"line":50,"column":6},"end":{"line":50,"column":50}},"20":{"start":{"line":53,"column":4},"end":{"line":53,"column":41}},"21":{"start":{"line":61,"column":22},"end":{"line":61,"column":30}},"22":{"start":{"line":62,"column":4},"end":{"line":67,"column":7}},"23":{"start":{"line":68,"column":4},"end":{"line":68,"column":21}},"24":{"start":{"line":79,"column":22},"end":{"line":79,"column":63}},"25":{"start":{"line":81,"column":4},"end":{"line":180,"column":5}},"26":{"start":{"line":82,"column":6},"end":{"line":82,"column":31}},"27":{"start":{"line":85,"column":20},"end":{"line":85,"column":49}},"28":{"start":{"line":87,"column":6},"end":{"line":89,"column":7}},"29":{"start":{"line":88,"column":8},"end":{"line":88,"column":46}},"30":{"start":{"line":92,"column":28},"end":{"line":96,"column":7}},"31":{"start":{"line":95,"column":113},"end":{"line":95,"column":117}},"32":{"start":{"line":99,"column":6},"end":{"line":172,"column":7}},"33":{"start":{"line":99,"column":25},"end":{"line":99,"column":26}},"34":{"start":{"line":100,"column":8},"end":{"line":171,"column":9}},"35":{"start":{"line":102,"column":24},"end":{"line":102,"column":52}},"36":{"start":{"line":105,"column":25},"end":{"line":105,"column":48}},"37":{"start":{"line":106,"column":26},"end":{"line":106,"column":47}},"38":{"start":{"line":107,"column":30},"end":{"line":107,"column":50}},"39":{"start":{"line":110,"column":30},"end":{"line":113,"column":70}},"40":{"start":{"line":116,"column":10},"end":{"line":119,"column":12}},"41":{"start":{"line":122,"column":27},"end":{"line":130,"column":12}},"42":{"start":{"line":133,"column":31},"end":{"line":137,"column":15}},"43":{"start":{"line":140,"column":10},"end":{"line":143,"column":12}},"44":{"start":{"line":146,"column":25},"end":{"line":146,"column":69}},"45":{"start":{"line":147,"column":10},"end":{"line":149,"column":11}},"46":{"start":{"line":148,"column":12},"end":{"line":148,"column":78}},"47":{"start":{"line":151,"column":10},"end":{"line":151,"column":26}},"48":{"start":{"line":154,"column":10},"end":{"line":167,"column":11}},"49":{"start":{"line":155,"column":12},"end":{"line":166,"column":13}},"50":{"start":{"line":156,"column":14},"end":{"line":156,"column":133}},"51":{"start":{"line":157,"column":14},"end":{"line":157,"column":36}},"52":{"start":{"line":160,"column":28},"end":{"line":162,"column":42}},"53":{"start":{"line":164,"column":14},"end":{"line":164,"column":71}},"54":{"start":{"line":164,"column":43},"end":{"line":164,"column":69}},"55":{"start":{"line":165,"column":14},"end":{"line":165,"column":23}},"56":{"start":{"line":170,"column":10},"end":{"line":170,"column":22}},"57":{"start":{"line":174,"column":6},"end":{"line":174,"column":31}},"58":{"start":{"line":177,"column":6},"end":{"line":179,"column":7}},"59":{"start":{"line":178,"column":8},"end":{"line":178,"column":23}},"60":{"start":{"line":189,"column":4},"end":{"line":189,"column":35}},"61":{"start":{"line":189,"column":19},"end":{"line":189,"column":35}},"62":{"start":{"line":190,"column":4},"end":{"line":198,"column":5}},"63":{"start":{"line":191,"column":18},"end":{"line":191,"column":35}},"64":{"start":{"line":192,"column":6},"end":{"line":194,"column":7}},"65":{"start":{"line":193,"column":8},"end":{"line":193,"column":64}},"66":{"start":{"line":195,"column":6},"end":{"line":195,"column":22}},"67":{"start":{"line":197,"column":6},"end":{"line":197,"column":22}},"68":{"start":{"line":208,"column":4},"end":{"line":219,"column":5}},"69":{"start":{"line":210,"column":29},"end":{"line":212,"column":7}},"70":{"start":{"line":211,"column":8},"end":{"line":211,"column":38}},"71":{"start":{"line":214,"column":6},"end":{"line":216,"column":7}},"72":{"start":{"line":215,"column":8},"end":{"line":215,"column":81}},"73":{"start":{"line":218,"column":6},"end":{"line":218,"column":79}},"74":{"start":{"line":222,"column":4},"end":{"line":222,"column":34}},"75":{"start":{"line":232,"column":4},"end":{"line":232,"column":73}},"76":{"start":{"line":242,"column":21},"end":{"line":242,"column":49}},"77":{"start":{"line":243,"column":4},"end":{"line":243,"column":34}},"78":{"start":{"line":251,"column":4},"end":{"line":251,"column":44}},"79":{"start":{"line":260,"column":4},"end":{"line":260,"column":24}},"80":{"start":{"line":261,"column":4},"end":{"line":261,"column":32}},"81":{"start":{"line":262,"column":4},"end":{"line":262,"column":26}},"82":{"start":{"line":263,"column":4},"end":{"line":263,"column":34}},"83":{"start":{"line":264,"column":4},"end":{"line":264,"column":31}},"84":{"start":{"line":272,"column":4},"end":{"line":272,"column":27}},"85":{"start":{"line":272,"column":20},"end":{"line":272,"column":27}},"86":{"start":{"line":273,"column":4},"end":{"line":273,"column":36}},"87":{"start":{"line":274,"column":4},"end":{"line":274,"column":55}},"88":{"start":{"line":284,"column":22},"end":{"line":284,"column":49}},"89":{"start":{"line":285,"column":24},"end":{"line":285,"column":27}},"90":{"start":{"line":286,"column":20},"end":{"line":286,"column":24}},"91":{"start":{"line":289,"column":4},"end":{"line":306,"column":5}},"92":{"start":{"line":290,"column":6},"end":{"line":305,"column":7}},"93":{"start":{"line":292,"column":23},"end":{"line":292,"column":35}},"94":{"start":{"line":293,"column":8},"end":{"line":293,"column":57}},"95":{"start":{"line":293,"column":48},"end":{"line":293,"column":57}},"96":{"start":{"line":296,"column":28},"end":{"line":296,"column":82}},"97":{"start":{"line":298,"column":8},"end":{"line":298,"column":109}},"98":{"start":{"line":300,"column":8},"end":{"line":300,"column":56}},"99":{"start":{"line":302,"column":8},"end":{"line":302,"column":73}},"100":{"start":{"line":303,"column":8},"end":{"line":303,"column":26}},"101":{"start":{"line":309,"column":4},"end":{"line":309,"column":93}},"102":{"start":{"line":319,"column":4},"end":{"line":348,"column":5}},"103":{"start":{"line":321,"column":6},"end":{"line":321,"column":46}},"104":{"start":{"line":323,"column":6},"end":{"line":323,"column":75}},"105":{"start":{"line":326,"column":6},"end":{"line":344,"column":7}},"106":{"start":{"line":327,"column":8},"end":{"line":327,"column":58}},"107":{"start":{"line":330,"column":30},"end":{"line":330,"column":66}},"108":{"start":{"line":332,"column":8},"end":{"line":343,"column":9}},"109":{"start":{"line":334,"column":10},"end":{"line":334,"column":73}},"110":{"start":{"line":337,"column":10},"end":{"line":337,"column":30}},"111":{"start":{"line":339,"column":10},"end":{"line":339,"column":50}},"112":{"start":{"line":342,"column":10},"end":{"line":342,"column":56}},"113":{"start":{"line":347,"column":6},"end":{"line":347,"column":25}},"114":{"start":{"line":353,"column":4},"end":{"line":363,"column":5}},"115":{"start":{"line":355,"column":6},"end":{"line":355,"column":41}},"116":{"start":{"line":358,"column":6},"end":{"line":358,"column":83}},"117":{"start":{"line":358,"column":47},"end":{"line":358,"column":78}},"118":{"start":{"line":361,"column":26},"end":{"line":361,"column":63}},"119":{"start":{"line":362,"column":6},"end":{"line":362,"column":59}},"120":{"start":{"line":368,"column":4},"end":{"line":374,"column":5}},"121":{"start":{"line":369,"column":6},"end":{"line":373,"column":7}},"122":{"start":{"line":370,"column":8},"end":{"line":370,"column":51}},"123":{"start":{"line":372,"column":8},"end":{"line":372,"column":28}},"124":{"start":{"line":381,"column":4},"end":{"line":391,"column":5}},"125":{"start":{"line":381,"column":23},"end":{"line":381,"column":24}},"126":{"start":{"line":382,"column":6},"end":{"line":390,"column":7}},"127":{"start":{"line":383,"column":8},"end":{"line":383,"column":26}},"128":{"start":{"line":385,"column":8},"end":{"line":385,"column":26}},"129":{"start":{"line":388,"column":22},"end":{"line":388,"column":61}},"130":{"start":{"line":389,"column":8},"end":{"line":389,"column":65}},"131":{"start":{"line":389,"column":37},"end":{"line":389,"column":63}},"132":{"start":{"line":393,"column":4},"end":{"line":393,"column":20}},"133":{"start":{"line":397,"column":0},"end":{"line":397,"column":32}}},"fnMap":{"0":{"name":"(anonymous_0)","decl":{"start":{"line":16,"column":2},"end":{"line":16,"column":3}},"loc":{"start":{"line":16,"column":28},"end":{"line":27,"column":3}},"line":16},"1":{"name":"(anonymous_1)","decl":{"start":{"line":34,"column":2},"end":{"line":34,"column":3}},"loc":{"start":{"line":34,"column":29},"end":{"line":41,"column":3}},"line":34},"2":{"name":"(anonymous_2)","decl":{"start":{"line":48,"column":2},"end":{"line":48,"column":3}},"loc":{"start":{"line":48,"column":29},"end":{"line":54,"column":3}},"line":48},"3":{"name":"(anonymous_3)","decl":{"start":{"line":60,"column":2},"end":{"line":60,"column":3}},"loc":{"start":{"line":60,"column":18},"end":{"line":69,"column":3}},"line":60},"4":{"name":"(anonymous_4)","decl":{"start":{"line":77,"column":2},"end":{"line":77,"column":3}},"loc":{"start":{"line":77,"column":35},"end":{"line":181,"column":3}},"line":77},"5":{"name":"(anonymous_5)","decl":{"start":{"line":95,"column":107},"end":{"line":95,"column":108}},"loc":{"start":{"line":95,"column":113},"end":{"line":95,"column":117}},"line":95},"6":{"name":"(anonymous_6)","decl":{"start":{"line":164,"column":32},"end":{"line":164,"column":33}},"loc":{"start":{"line":164,"column":43},"end":{"line":164,"column":69}},"line":164},"7":{"name":"(anonymous_7)","decl":{"start":{"line":188,"column":2},"end":{"line":188,"column":3}},"loc":{"start":{"line":188,"column":28},"end":{"line":199,"column":3}},"line":188},"8":{"name":"(anonymous_8)","decl":{"start":{"line":205,"column":2},"end":{"line":205,"column":3}},"loc":{"start":{"line":205,"column":27},"end":{"line":223,"column":3}},"line":205},"9":{"name":"(anonymous_9)","decl":{"start":{"line":210,"column":56},"end":{"line":210,"column":57}},"loc":{"start":{"line":211,"column":8},"end":{"line":211,"column":38}},"line":211},"10":{"name":"(anonymous_10)","decl":{"start":{"line":229,"column":2},"end":{"line":229,"column":3}},"loc":{"start":{"line":229,"column":26},"end":{"line":233,"column":3}},"line":229},"11":{"name":"(anonymous_11)","decl":{"start":{"line":239,"column":2},"end":{"line":239,"column":3}},"loc":{"start":{"line":239,"column":19},"end":{"line":244,"column":3}},"line":239},"12":{"name":"(anonymous_12)","decl":{"start":{"line":250,"column":2},"end":{"line":250,"column":3}},"loc":{"start":{"line":250,"column":22},"end":{"line":252,"column":3}},"line":250},"13":{"name":"(anonymous_13)","decl":{"start":{"line":258,"column":2},"end":{"line":258,"column":3}},"loc":{"start":{"line":258,"column":18},"end":{"line":265,"column":3}},"line":258},"14":{"name":"(anonymous_14)","decl":{"start":{"line":271,"column":2},"end":{"line":271,"column":3}},"loc":{"start":{"line":271,"column":26},"end":{"line":275,"column":3}},"line":271},"15":{"name":"(anonymous_15)","decl":{"start":{"line":283,"column":2},"end":{"line":283,"column":3}},"loc":{"start":{"line":283,"column":55},"end":{"line":310,"column":3}},"line":283},"16":{"name":"(anonymous_16)","decl":{"start":{"line":318,"column":2},"end":{"line":318,"column":3}},"loc":{"start":{"line":318,"column":55},"end":{"line":349,"column":3}},"line":318},"17":{"name":"(anonymous_17)","decl":{"start":{"line":352,"column":2},"end":{"line":352,"column":3}},"loc":{"start":{"line":352,"column":38},"end":{"line":364,"column":3}},"line":352},"18":{"name":"(anonymous_18)","decl":{"start":{"line":358,"column":41},"end":{"line":358,"column":42}},"loc":{"start":{"line":358,"column":47},"end":{"line":358,"column":78}},"line":358},"19":{"name":"(anonymous_19)","decl":{"start":{"line":367,"column":2},"end":{"line":367,"column":3}},"loc":{"start":{"line":367,"column":21},"end":{"line":375,"column":3}},"line":367},"20":{"name":"(anonymous_20)","decl":{"start":{"line":378,"column":2},"end":{"line":378,"column":3}},"loc":{"start":{"line":378,"column":45},"end":{"line":394,"column":3}},"line":378},"21":{"name":"(anonymous_21)","decl":{"start":{"line":389,"column":26},"end":{"line":389,"column":27}},"loc":{"start":{"line":389,"column":37},"end":{"line":389,"column":63}},"line":389}},"branchMap":{"0":{"loc":{"start":{"line":16,"column":14},"end":{"line":16,"column":26}},"type":"default-arg","locations":[{"start":{"line":16,"column":24},"end":{"line":16,"column":26}}],"line":16},"1":{"loc":{"start":{"line":49,"column":4},"end":{"line":51,"column":5}},"type":"if","locations":[{"start":{"line":49,"column":4},"end":{"line":51,"column":5}},{"start":{},"end":{}}],"line":49},"2":{"loc":{"start":{"line":77,"column":21},"end":{"line":77,"column":33}},"type":"default-arg","locations":[{"start":{"line":77,"column":31},"end":{"line":77,"column":33}}],"line":77},"3":{"loc":{"start":{"line":79,"column":22},"end":{"line":79,"column":63}},"type":"binary-expr","locations":[{"start":{"line":79,"column":22},"end":{"line":79,"column":39}},{"start":{"line":79,"column":43},"end":{"line":79,"column":63}}],"line":79},"4":{"loc":{"start":{"line":87,"column":6},"end":{"line":89,"column":7}},"type":"if","locations":[{"start":{"line":87,"column":6},"end":{"line":89,"column":7}},{"start":{},"end":{}}],"line":87},"5":{"loc":{"start":{"line":93,"column":20},"end":{"line":93,"column":105}},"type":"binary-expr","locations":[{"start":{"line":93,"column":20},"end":{"line":93,"column":38}},{"start":{"line":93,"column":42},"end":{"line":93,"column":100}},{"start":{"line":93,"column":104},"end":{"line":93,"column":105}}],"line":93},"6":{"loc":{"start":{"line":94,"column":23},"end":{"line":94,"column":144}},"type":"binary-expr","locations":[{"start":{"line":94,"column":23},"end":{"line":94,"column":44}},{"start":{"line":94,"column":48},"end":{"line":94,"column":110}},{"start":{"line":94,"column":114},"end":{"line":94,"column":144}}],"line":94},"7":{"loc":{"start":{"line":95,"column":20},"end":{"line":95,"column":118}},"type":"binary-expr","locations":[{"start":{"line":95,"column":20},"end":{"line":95,"column":38}},{"start":{"line":95,"column":42},"end":{"line":95,"column":102}},{"start":{"line":95,"column":107},"end":{"line":95,"column":117}}],"line":95},"8":{"loc":{"start":{"line":105,"column":25},"end":{"line":105,"column":48}},"type":"binary-expr","locations":[{"start":{"line":105,"column":25},"end":{"line":105,"column":39}},{"start":{"line":105,"column":43},"end":{"line":105,"column":48}}],"line":105},"9":{"loc":{"start":{"line":106,"column":26},"end":{"line":106,"column":47}},"type":"binary-expr","locations":[{"start":{"line":106,"column":26},"end":{"line":106,"column":41}},{"start":{"line":106,"column":45},"end":{"line":106,"column":47}}],"line":106},"10":{"loc":{"start":{"line":107,"column":30},"end":{"line":107,"column":50}},"type":"binary-expr","locations":[{"start":{"line":107,"column":30},"end":{"line":107,"column":42}},{"start":{"line":107,"column":46},"end":{"line":107,"column":50}}],"line":107},"11":{"loc":{"start":{"line":110,"column":30},"end":{"line":113,"column":70}},"type":"cond-expr","locations":[{"start":{"line":110,"column":45},"end":{"line":110,"column":46}},{"start":{"line":111,"column":14},"end":{"line":113,"column":70}}],"line":110},"12":{"loc":{"start":{"line":111,"column":14},"end":{"line":113,"column":70}},"type":"cond-expr","locations":[{"start":{"line":112,"column":16},"end":{"line":112,"column":54}},{"start":{"line":113,"column":16},"end":{"line":113,"column":70}}],"line":111},"13":{"loc":{"start":{"line":133,"column":31},"end":{"line":137,"column":15}},"type":"cond-expr","locations":[{"start":{"line":134,"column":15},"end":{"line":136,"column":72}},{"start":{"line":137,"column":14},"end":{"line":137,"column":15}}],"line":133},"14":{"loc":{"start":{"line":134,"column":15},"end":{"line":136,"column":72}},"type":"cond-expr","locations":[{"start":{"line":135,"column":16},"end":{"line":135,"column":56}},{"start":{"line":136,"column":16},"end":{"line":136,"column":72}}],"line":134},"15":{"loc":{"start":{"line":147,"column":10},"end":{"line":149,"column":11}},"type":"if","locations":[{"start":{"line":147,"column":10},"end":{"line":149,"column":11}},{"start":{},"end":{}}],"line":147},"16":{"loc":{"start":{"line":154,"column":10},"end":{"line":167,"column":11}},"type":"if","locations":[{"start":{"line":154,"column":10},"end":{"line":167,"column":11}},{"start":{},"end":{}}],"line":154},"17":{"loc":{"start":{"line":154,"column":14},"end":{"line":154,"column":91}},"type":"binary-expr","locations":[{"start":{"line":154,"column":14},"end":{"line":154,"column":28}},{"start":{"line":154,"column":32},"end":{"line":154,"column":91}}],"line":154},"18":{"loc":{"start":{"line":155,"column":12},"end":{"line":166,"column":13}},"type":"if","locations":[{"start":{"line":155,"column":12},"end":{"line":166,"column":13}},{"start":{},"end":{}}],"line":155},"19":{"loc":{"start":{"line":160,"column":28},"end":{"line":162,"column":42}},"type":"cond-expr","locations":[{"start":{"line":161,"column":18},"end":{"line":161,"column":51}},{"start":{"line":162,"column":18},"end":{"line":162,"column":42}}],"line":160},"20":{"loc":{"start":{"line":177,"column":6},"end":{"line":179,"column":7}},"type":"if","locations":[{"start":{"line":177,"column":6},"end":{"line":179,"column":7}},{"start":{},"end":{}}],"line":177},"21":{"loc":{"start":{"line":189,"column":4},"end":{"line":189,"column":35}},"type":"if","locations":[{"start":{"line":189,"column":4},"end":{"line":189,"column":35}},{"start":{},"end":{}}],"line":189},"22":{"loc":{"start":{"line":192,"column":6},"end":{"line":194,"column":7}},"type":"if","locations":[{"start":{"line":192,"column":6},"end":{"line":194,"column":7}},{"start":{},"end":{}}],"line":192},"23":{"loc":{"start":{"line":192,"column":10},"end":{"line":192,"column":38}},"type":"binary-expr","locations":[{"start":{"line":192,"column":10},"end":{"line":192,"column":22}},{"start":{"line":192,"column":26},"end":{"line":192,"column":38}}],"line":192},"24":{"loc":{"start":{"line":208,"column":4},"end":{"line":219,"column":5}},"type":"if","locations":[{"start":{"line":208,"column":4},"end":{"line":219,"column":5}},{"start":{},"end":{}}],"line":208},"25":{"loc":{"start":{"line":214,"column":6},"end":{"line":216,"column":7}},"type":"if","locations":[{"start":{"line":214,"column":6},"end":{"line":216,"column":7}},{"start":{},"end":{}}],"line":214},"26":{"loc":{"start":{"line":272,"column":4},"end":{"line":272,"column":27}},"type":"if","locations":[{"start":{"line":272,"column":4},"end":{"line":272,"column":27}},{"start":{},"end":{}}],"line":272},"27":{"loc":{"start":{"line":283,"column":41},"end":{"line":283,"column":53}},"type":"default-arg","locations":[{"start":{"line":283,"column":51},"end":{"line":283,"column":53}}],"line":283},"28":{"loc":{"start":{"line":293,"column":8},"end":{"line":293,"column":57}},"type":"if","locations":[{"start":{"line":293,"column":8},"end":{"line":293,"column":57}},{"start":{},"end":{}}],"line":293},"29":{"loc":{"start":{"line":318,"column":41},"end":{"line":318,"column":53}},"type":"default-arg","locations":[{"start":{"line":318,"column":51},"end":{"line":318,"column":53}}],"line":318},"30":{"loc":{"start":{"line":326,"column":6},"end":{"line":344,"column":7}},"type":"if","locations":[{"start":{"line":326,"column":6},"end":{"line":344,"column":7}},{"start":{},"end":{}}],"line":326},"31":{"loc":{"start":{"line":326,"column":10},"end":{"line":326,"column":81}},"type":"binary-expr","locations":[{"start":{"line":326,"column":10},"end":{"line":326,"column":40}},{"start":{"line":326,"column":44},"end":{"line":326,"column":81}}],"line":326},"32":{"loc":{"start":{"line":352,"column":24},"end":{"line":352,"column":36}},"type":"default-arg","locations":[{"start":{"line":352,"column":34},"end":{"line":352,"column":36}}],"line":352},"33":{"loc":{"start":{"line":368,"column":4},"end":{"line":374,"column":5}},"type":"if","locations":[{"start":{"line":368,"column":4},"end":{"line":374,"column":5}},{"start":{},"end":{}}],"line":368},"34":{"loc":{"start":{"line":378,"column":29},"end":{"line":378,"column":43}},"type":"default-arg","locations":[{"start":{"line":378,"column":42},"end":{"line":378,"column":43}}],"line":378}},"s":{"0":2,"1":2,"2":2,"3":2,"4":2,"5":2,"6":2,"7":2,"8":11,"9":11,"10":11,"11":11,"12":11,"13":11,"14":4,"15":4,"16":3,"17":1,"18":0,"19":0,"20":0,"21":10,"22":10,"23":10,"24":8,"25":8,"26":8,"27":8,"28":8,"29":0,"30":8,"31":0,"32":8,"33":8,"34":9,"35":9,"36":9,"37":9,"38":9,"39":9,"40":9,"41":9,"42":5,"43":5,"44":5,"45":5,"46":0,"47":5,"48":4,"49":1,"50":1,"51":1,"52":1,"53":1,"54":1,"55":1,"56":3,"57":8,"58":8,"59":1,"60":5,"61":0,"62":5,"63":5,"64":5,"65":2,"66":3,"67":0,"68":7,"69":0,"70":0,"71":0,"72":0,"73":0,"74":7,"75":5,"76":0,"77":0,"78":0,"79":2,"80":2,"81":2,"82":2,"83":2,"84":1,"85":0,"86":1,"87":1,"88":1,"89":1,"90":1,"91":1,"92":3,"93":3,"94":3,"95":1,"96":2,"97":2,"98":2,"99":1,"100":1,"101":0,"102":1,"103":1,"104":1,"105":1,"106":1,"107":1,"108":1,"109":1,"110":1,"111":1,"112":1,"113":0,"114":0,"115":0,"116":0,"117":0,"118":0,"119":0,"120":0,"121":0,"122":0,"123":0,"124":0,"125":0,"126":0,"127":0,"128":0,"129":0,"130":0,"131":0,"132":0,"133":2},"f":{"0":11,"1":4,"2":0,"3":10,"4":8,"5":0,"6":1,"7":5,"8":7,"9":0,"10":5,"11":0,"12":0,"13":2,"14":1,"15":1,"16":1,"17":0,"18":0,"19":0,"20":0,"21":0},"b":{"0":[0],"1":[0,0],"2":[2],"3":[8,8],"4":[0,8],"5":[8,7,1],"6":[8,8,1],"7":[8,8,1],"8":[9,9],"9":[9,9],"10":[9,9],"11":[9,0],"12":[0,0],"13":[5,0],"14":[0,5],"15":[0,5],"16":[1,3],"17":[4,2],"18":[1,0],"19":[1,0],"20":[1,7],"21":[0,5],"22":[2,3],"23":[5,3],"24":[0,7],"25":[0,0],"26":[0,1],"27":[1],"28":[1,2],"29":[1],"30":[1,0],"31":[1,1],"32":[0],"33":[0,0],"34":[0]},"_coverageSchema":"1a1c01bbd47fc00a2c39e90264f33305004495a9","hash":"07ab6a23da02d1efd733127090e670147422cadf"}
,"C:\\Users\\User\\ProxyEthica\\src\\client\\dashboard.js": {"path":"C:\\Users\\User\\ProxyEthica\\src\\client\\dashboard.js","statementMap":{"0":{"start":{"line":8,"column":4},"end":{"line":8,"column":54}},"1":{"start":{"line":9,"column":4},"end":{"line":9,"column":19}},"2":{"start":{"line":10,"column":4},"end":{"line":10,"column":23}},"3":{"start":{"line":12,"column":4},"end":{"line":14,"column":5}},"4":{"start":{"line":13,"column":6},"end":{"line":13,"column":67}},"5":{"start":{"line":16,"column":4},"end":{"line":18,"column":5}},"6":{"start":{"line":17,"column":6},"end":{"line":17,"column":58}},"7":{"start":{"line":20,"column":4},"end":{"line":20,"column":18}},"8":{"start":{"line":21,"column":4},"end":{"line":21,"column":32}},"9":{"start":{"line":22,"column":4},"end":{"line":22,"column":25}},"10":{"start":{"line":26,"column":4},"end":{"line":79,"column":6}},"11":{"start":{"line":81,"column":4},"end":{"line":92,"column":6}},"12":{"start":{"line":97,"column":4},"end":{"line":108,"column":7}},"13":{"start":{"line":98,"column":6},"end":{"line":106,"column":7}},"14":{"start":{"line":99,"column":8},"end":{"line":99,"column":37}},"15":{"start":{"line":101,"column":8},"end":{"line":104,"column":9}},"16":{"start":{"line":102,"column":10},"end":{"line":102,"column":35}},"17":{"start":{"line":103,"column":10},"end":{"line":103,"column":17}},"18":{"start":{"line":105,"column":8},"end":{"line":105,"column":38}},"19":{"start":{"line":107,"column":6},"end":{"line":107,"column":20}},"20":{"start":{"line":111,"column":4},"end":{"line":113,"column":7}},"21":{"start":{"line":112,"column":6},"end":{"line":112,"column":31}},"22":{"start":{"line":116,"column":4},"end":{"line":121,"column":7}},"23":{"start":{"line":117,"column":6},"end":{"line":120,"column":7}},"24":{"start":{"line":118,"column":8},"end":{"line":118,"column":32}},"25":{"start":{"line":119,"column":8},"end":{"line":119,"column":22}},"26":{"start":{"line":124,"column":4},"end":{"line":124,"column":56}},"27":{"start":{"line":124,"column":41},"end":{"line":124,"column":54}},"28":{"start":{"line":125,"column":4},"end":{"line":125,"column":56}},"29":{"start":{"line":125,"column":41},"end":{"line":125,"column":54}},"30":{"start":{"line":126,"column":4},"end":{"line":126,"column":56}},"31":{"start":{"line":126,"column":41},"end":{"line":126,"column":54}},"32":{"start":{"line":127,"column":4},"end":{"line":127,"column":57}},"33":{"start":{"line":127,"column":42},"end":{"line":127,"column":55}},"34":{"start":{"line":132,"column":18},"end":{"line":132,"column":47}},"35":{"start":{"line":133,"column":4},"end":{"line":133,"column":38}},"36":{"start":{"line":134,"column":4},"end":{"line":139,"column":6}},"37":{"start":{"line":141,"column":4},"end":{"line":141,"column":37}},"38":{"start":{"line":144,"column":24},"end":{"line":144,"column":60}},"39":{"start":{"line":145,"column":4},"end":{"line":147,"column":7}},"40":{"start":{"line":146,"column":6},"end":{"line":146,"column":39}},"41":{"start":{"line":150,"column":4},"end":{"line":165,"column":7}},"42":{"start":{"line":151,"column":6},"end":{"line":164,"column":7}},"43":{"start":{"line":152,"column":8},"end":{"line":152,"column":41}},"44":{"start":{"line":154,"column":8},"end":{"line":161,"column":9}},"45":{"start":{"line":155,"column":10},"end":{"line":155,"column":65}},"46":{"start":{"line":156,"column":10},"end":{"line":158,"column":11}},"47":{"start":{"line":157,"column":12},"end":{"line":157,"column":42}},"48":{"start":{"line":160,"column":10},"end":{"line":160,"column":66}},"49":{"start":{"line":163,"column":8},"end":{"line":163,"column":22}},"50":{"start":{"line":170,"column":4},"end":{"line":170,"column":119}},"51":{"start":{"line":171,"column":4},"end":{"line":171,"column":99}},"52":{"start":{"line":174,"column":4},"end":{"line":174,"column":97}},"53":{"start":{"line":175,"column":4},"end":{"line":175,"column":121}},"54":{"start":{"line":178,"column":4},"end":{"line":178,"column":101}},"55":{"start":{"line":179,"column":4},"end":{"line":179,"column":109}},"56":{"start":{"line":180,"column":4},"end":{"line":180,"column":105}},"57":{"start":{"line":183,"column":4},"end":{"line":183,"column":106}},"58":{"start":{"line":184,"column":4},"end":{"line":184,"column":107}},"59":{"start":{"line":187,"column":4},"end":{"line":187,"column":91}},"60":{"start":{"line":192,"column":4},"end":{"line":192,"column":43}},"61":{"start":{"line":192,"column":22},"end":{"line":192,"column":35}},"62":{"start":{"line":196,"column":4},"end":{"line":200,"column":5}},"63":{"start":{"line":197,"column":6},"end":{"line":197,"column":50}},"64":{"start":{"line":199,"column":6},"end":{"line":199,"column":42}},"65":{"start":{"line":205,"column":0},"end":{"line":209,"column":1}},"66":{"start":{"line":206,"column":2},"end":{"line":206,"column":34}},"67":{"start":{"line":208,"column":2},"end":{"line":208,"column":41}},"68":{"start":{"line":213,"column":17},"end":{"line":213,"column":19}},"69":{"start":{"line":215,"column":2},"end":{"line":217,"column":3}},"70":{"start":{"line":216,"column":4},"end":{"line":216,"column":44}},"71":{"start":{"line":219,"column":2},"end":{"line":223,"column":3}},"72":{"start":{"line":220,"column":4},"end":{"line":220,"column":35}},"73":{"start":{"line":221,"column":9},"end":{"line":223,"column":3}},"74":{"start":{"line":222,"column":4},"end":{"line":222,"column":44}},"75":{"start":{"line":225,"column":2},"end":{"line":227,"column":3}},"76":{"start":{"line":226,"column":4},"end":{"line":226,"column":49}},"77":{"start":{"line":229,"column":2},"end":{"line":232,"column":4}},"78":{"start":{"line":237,"column":2},"end":{"line":242,"column":3}},"79":{"start":{"line":238,"column":22},"end":{"line":238,"column":34}},"80":{"start":{"line":239,"column":4},"end":{"line":239,"column":60}},"81":{"start":{"line":241,"column":4},"end":{"line":241,"column":17}},"82":{"start":{"line":248,"column":21},"end":{"line":248,"column":51}},"83":{"start":{"line":250,"column":2},"end":{"line":256,"column":3}},"84":{"start":{"line":251,"column":4},"end":{"line":255,"column":6}},"85":{"start":{"line":260,"column":2},"end":{"line":263,"column":4}}},"fnMap":{"0":{"name":"(anonymous_0)","decl":{"start":{"line":7,"column":2},"end":{"line":7,"column":3}},"loc":{"start":{"line":7,"column":29},"end":{"line":23,"column":3}},"line":7},"1":{"name":"(anonymous_1)","decl":{"start":{"line":25,"column":2},"end":{"line":25,"column":3}},"loc":{"start":{"line":25,"column":11},"end":{"line":93,"column":3}},"line":25},"2":{"name":"(anonymous_2)","decl":{"start":{"line":95,"column":2},"end":{"line":95,"column":3}},"loc":{"start":{"line":95,"column":25},"end":{"line":128,"column":3}},"line":95},"3":{"name":"(anonymous_3)","decl":{"start":{"line":97,"column":57},"end":{"line":97,"column":58}},"loc":{"start":{"line":97,"column":69},"end":{"line":108,"column":5}},"line":97},"4":{"name":"(anonymous_4)","decl":{"start":{"line":111,"column":58},"end":{"line":111,"column":59}},"loc":{"start":{"line":111,"column":64},"end":{"line":113,"column":5}},"line":111},"5":{"name":"(anonymous_5)","decl":{"start":{"line":116,"column":57},"end":{"line":116,"column":58}},"loc":{"start":{"line":116,"column":69},"end":{"line":121,"column":5}},"line":116},"6":{"name":"(anonymous_6)","decl":{"start":{"line":124,"column":35},"end":{"line":124,"column":36}},"loc":{"start":{"line":124,"column":41},"end":{"line":124,"column":54}},"line":124},"7":{"name":"(anonymous_7)","decl":{"start":{"line":125,"column":35},"end":{"line":125,"column":36}},"loc":{"start":{"line":125,"column":41},"end":{"line":125,"column":54}},"line":125},"8":{"name":"(anonymous_8)","decl":{"start":{"line":126,"column":35},"end":{"line":126,"column":36}},"loc":{"start":{"line":126,"column":41},"end":{"line":126,"column":54}},"line":126},"9":{"name":"(anonymous_9)","decl":{"start":{"line":127,"column":36},"end":{"line":127,"column":37}},"loc":{"start":{"line":127,"column":42},"end":{"line":127,"column":55}},"line":127},"10":{"name":"(anonymous_10)","decl":{"start":{"line":130,"column":2},"end":{"line":130,"column":3}},"loc":{"start":{"line":130,"column":22},"end":{"line":166,"column":3}},"line":130},"11":{"name":"(anonymous_11)","decl":{"start":{"line":145,"column":42},"end":{"line":145,"column":43}},"loc":{"start":{"line":145,"column":48},"end":{"line":147,"column":5}},"line":145},"12":{"name":"(anonymous_12)","decl":{"start":{"line":150,"column":39},"end":{"line":150,"column":40}},"loc":{"start":{"line":150,"column":56},"end":{"line":165,"column":5}},"line":150},"13":{"name":"(anonymous_13)","decl":{"start":{"line":168,"column":2},"end":{"line":168,"column":3}},"loc":{"start":{"line":168,"column":11},"end":{"line":188,"column":3}},"line":168},"14":{"name":"(anonymous_14)","decl":{"start":{"line":190,"column":2},"end":{"line":190,"column":3}},"loc":{"start":{"line":190,"column":18},"end":{"line":193,"column":3}},"line":190},"15":{"name":"(anonymous_15)","decl":{"start":{"line":192,"column":16},"end":{"line":192,"column":17}},"loc":{"start":{"line":192,"column":22},"end":{"line":192,"column":35}},"line":192},"16":{"name":"(anonymous_16)","decl":{"start":{"line":195,"column":2},"end":{"line":195,"column":3}},"loc":{"start":{"line":195,"column":29},"end":{"line":201,"column":3}},"line":195},"17":{"name":"validateServerForm","decl":{"start":{"line":212,"column":16},"end":{"line":212,"column":34}},"loc":{"start":{"line":212,"column":45},"end":{"line":233,"column":1}},"line":212},"18":{"name":"isValidUrl","decl":{"start":{"line":236,"column":16},"end":{"line":236,"column":26}},"loc":{"start":{"line":236,"column":32},"end":{"line":243,"column":1}},"line":236},"19":{"name":"handleServerAddition","decl":{"start":{"line":246,"column":16},"end":{"line":246,"column":36}},"loc":{"start":{"line":246,"column":49},"end":{"line":264,"column":1}},"line":246}},"branchMap":{"0":{"loc":{"start":{"line":12,"column":4},"end":{"line":14,"column":5}},"type":"if","locations":[{"start":{"line":12,"column":4},"end":{"line":14,"column":5}},{"start":{},"end":{}}],"line":12},"1":{"loc":{"start":{"line":16,"column":4},"end":{"line":18,"column":5}},"type":"if","locations":[{"start":{"line":16,"column":4},"end":{"line":18,"column":5}},{"start":{},"end":{}}],"line":16},"2":{"loc":{"start":{"line":30,"column":41},"end":{"line":30,"column":91}},"type":"cond-expr","locations":[{"start":{"line":30,"column":70},"end":{"line":30,"column":78}},{"start":{"line":30,"column":81},"end":{"line":30,"column":91}}],"line":30},"3":{"loc":{"start":{"line":31,"column":14},"end":{"line":31,"column":64}},"type":"cond-expr","locations":[{"start":{"line":31,"column":43},"end":{"line":31,"column":51}},{"start":{"line":31,"column":54},"end":{"line":31,"column":64}}],"line":31},"4":{"loc":{"start":{"line":49,"column":41},"end":{"line":49,"column":80}},"type":"cond-expr","locations":[{"start":{"line":49,"column":65},"end":{"line":49,"column":70}},{"start":{"line":49,"column":73},"end":{"line":49,"column":80}}],"line":49},"5":{"loc":{"start":{"line":52,"column":41},"end":{"line":52,"column":84}},"type":"cond-expr","locations":[{"start":{"line":52,"column":69},"end":{"line":52,"column":74}},{"start":{"line":52,"column":77},"end":{"line":52,"column":84}}],"line":52},"6":{"loc":{"start":{"line":55,"column":41},"end":{"line":55,"column":81}},"type":"cond-expr","locations":[{"start":{"line":55,"column":66},"end":{"line":55,"column":71}},{"start":{"line":55,"column":74},"end":{"line":55,"column":81}}],"line":55},"7":{"loc":{"start":{"line":62,"column":51},"end":{"line":62,"column":104}},"type":"cond-expr","locations":[{"start":{"line":62,"column":80},"end":{"line":62,"column":90}},{"start":{"line":62,"column":93},"end":{"line":62,"column":104}}],"line":62},"8":{"loc":{"start":{"line":63,"column":14},"end":{"line":63,"column":75}},"type":"cond-expr","locations":[{"start":{"line":63,"column":43},"end":{"line":63,"column":57}},{"start":{"line":63,"column":60},"end":{"line":63,"column":75}}],"line":63},"9":{"loc":{"start":{"line":75,"column":28},"end":{"line":75,"column":118}},"type":"cond-expr","locations":[{"start":{"line":75,"column":56},"end":{"line":75,"column":108}},{"start":{"line":75,"column":111},"end":{"line":75,"column":118}}],"line":75},"10":{"loc":{"start":{"line":98,"column":6},"end":{"line":106,"column":7}},"type":"if","locations":[{"start":{"line":98,"column":6},"end":{"line":106,"column":7}},{"start":{"line":100,"column":13},"end":{"line":106,"column":7}}],"line":98},"11":{"loc":{"start":{"line":101,"column":8},"end":{"line":104,"column":9}},"type":"if","locations":[{"start":{"line":101,"column":8},"end":{"line":104,"column":9}},{"start":{},"end":{}}],"line":101},"12":{"loc":{"start":{"line":117,"column":6},"end":{"line":120,"column":7}},"type":"if","locations":[{"start":{"line":117,"column":6},"end":{"line":120,"column":7}},{"start":{},"end":{}}],"line":117},"13":{"loc":{"start":{"line":151,"column":6},"end":{"line":164,"column":7}},"type":"if","locations":[{"start":{"line":151,"column":6},"end":{"line":164,"column":7}},{"start":{},"end":{}}],"line":151},"14":{"loc":{"start":{"line":154,"column":8},"end":{"line":161,"column":9}},"type":"if","locations":[{"start":{"line":154,"column":8},"end":{"line":161,"column":9}},{"start":{"line":159,"column":15},"end":{"line":161,"column":9}}],"line":154},"15":{"loc":{"start":{"line":156,"column":10},"end":{"line":158,"column":11}},"type":"if","locations":[{"start":{"line":156,"column":10},"end":{"line":158,"column":11}},{"start":{},"end":{}}],"line":156},"16":{"loc":{"start":{"line":170,"column":66},"end":{"line":170,"column":116}},"type":"cond-expr","locations":[{"start":{"line":170,"column":95},"end":{"line":170,"column":103}},{"start":{"line":170,"column":106},"end":{"line":170,"column":116}}],"line":170},"17":{"loc":{"start":{"line":171,"column":48},"end":{"line":171,"column":98}},"type":"cond-expr","locations":[{"start":{"line":171,"column":77},"end":{"line":171,"column":85}},{"start":{"line":171,"column":88},"end":{"line":171,"column":98}}],"line":171},"18":{"loc":{"start":{"line":178,"column":59},"end":{"line":178,"column":98}},"type":"cond-expr","locations":[{"start":{"line":178,"column":83},"end":{"line":178,"column":88}},{"start":{"line":178,"column":91},"end":{"line":178,"column":98}}],"line":178},"19":{"loc":{"start":{"line":179,"column":63},"end":{"line":179,"column":106}},"type":"cond-expr","locations":[{"start":{"line":179,"column":91},"end":{"line":179,"column":96}},{"start":{"line":179,"column":99},"end":{"line":179,"column":106}}],"line":179},"20":{"loc":{"start":{"line":180,"column":62},"end":{"line":180,"column":102}},"type":"cond-expr","locations":[{"start":{"line":180,"column":87},"end":{"line":180,"column":92}},{"start":{"line":180,"column":95},"end":{"line":180,"column":102}}],"line":180},"21":{"loc":{"start":{"line":183,"column":50},"end":{"line":183,"column":103}},"type":"cond-expr","locations":[{"start":{"line":183,"column":79},"end":{"line":183,"column":89}},{"start":{"line":183,"column":92},"end":{"line":183,"column":103}}],"line":183},"22":{"loc":{"start":{"line":184,"column":45},"end":{"line":184,"column":106}},"type":"cond-expr","locations":[{"start":{"line":184,"column":74},"end":{"line":184,"column":88}},{"start":{"line":184,"column":91},"end":{"line":184,"column":106}}],"line":184},"23":{"loc":{"start":{"line":196,"column":4},"end":{"line":200,"column":5}},"type":"if","locations":[{"start":{"line":196,"column":4},"end":{"line":200,"column":5}},{"start":{"line":198,"column":11},"end":{"line":200,"column":5}}],"line":196},"24":{"loc":{"start":{"line":205,"column":0},"end":{"line":209,"column":1}},"type":"if","locations":[{"start":{"line":205,"column":0},"end":{"line":209,"column":1}},{"start":{"line":207,"column":7},"end":{"line":209,"column":1}}],"line":205},"25":{"loc":{"start":{"line":205,"column":4},"end":{"line":205,"column":51}},"type":"binary-expr","locations":[{"start":{"line":205,"column":4},"end":{"line":205,"column":33}},{"start":{"line":205,"column":37},"end":{"line":205,"column":51}}],"line":205},"26":{"loc":{"start":{"line":215,"column":2},"end":{"line":217,"column":3}},"type":"if","locations":[{"start":{"line":215,"column":2},"end":{"line":217,"column":3}},{"start":{},"end":{}}],"line":215},"27":{"loc":{"start":{"line":215,"column":6},"end":{"line":215,"column":51}},"type":"binary-expr","locations":[{"start":{"line":215,"column":6},"end":{"line":215,"column":20}},{"start":{"line":215,"column":24},"end":{"line":215,"column":51}}],"line":215},"28":{"loc":{"start":{"line":219,"column":2},"end":{"line":223,"column":3}},"type":"if","locations":[{"start":{"line":219,"column":2},"end":{"line":223,"column":3}},{"start":{"line":221,"column":9},"end":{"line":223,"column":3}}],"line":219},"29":{"loc":{"start":{"line":219,"column":6},"end":{"line":219,"column":49}},"type":"binary-expr","locations":[{"start":{"line":219,"column":6},"end":{"line":219,"column":19}},{"start":{"line":219,"column":23},"end":{"line":219,"column":49}}],"line":219},"30":{"loc":{"start":{"line":221,"column":9},"end":{"line":223,"column":3}},"type":"if","locations":[{"start":{"line":221,"column":9},"end":{"line":223,"column":3}},{"start":{},"end":{}}],"line":221},"31":{"loc":{"start":{"line":225,"column":2},"end":{"line":227,"column":3}},"type":"if","locations":[{"start":{"line":225,"column":2},"end":{"line":227,"column":3}},{"start":{},"end":{}}],"line":225},"32":{"loc":{"start":{"line":250,"column":2},"end":{"line":256,"column":3}},"type":"if","locations":[{"start":{"line":250,"column":2},"end":{"line":256,"column":3}},{"start":{},"end":{}}],"line":250}},"s":{"0":0,"1":0,"2":0,"3":0,"4":0,"5":0,"6":0,"7":0,"8":0,"9":0,"10":0,"11":0,"12":0,"13":0,"14":0,"15":0,"16":0,"17":0,"18":0,"19":0,"20":0,"21":0,"22":0,"23":0,"24":0,"25":0,"26":0,"27":0,"28":0,"29":0,"30":0,"31":0,"32":0,"33":0,"34":0,"35":0,"36":0,"37":0,"38":0,"39":0,"40":0,"41":0,"42":0,"43":0,"44":0,"45":0,"46":0,"47":0,"48":0,"49":0,"50":0,"51":0,"52":0,"53":0,"54":0,"55":0,"56":0,"57":0,"58":0,"59":0,"60":0,"61":0,"62":0,"63":0,"64":0,"65":0,"66":0,"67":0,"68":0,"69":0,"70":0,"71":0,"72":0,"73":0,"74":0,"75":0,"76":0,"77":0,"78":0,"79":0,"80":0,"81":0,"82":0,"83":0,"84":0,"85":0},"f":{"0":0,"1":0,"2":0,"3":0,"4":0,"5":0,"6":0,"7":0,"8":0,"9":0,"10":0,"11":0,"12":0,"13":0,"14":0,"15":0,"16":0,"17":0,"18":0,"19":0},"b":{"0":[0,0],"1":[0,0],"2":[0,0],"3":[0,0],"4":[0,0],"5":[0,0],"6":[0,0],"7":[0,0],"8":[0,0],"9":[0,0],"10":[0,0],"11":[0,0],"12":[0,0],"13":[0,0],"14":[0,0],"15":[0,0],"16":[0,0],"17":[0,0],"18":[0,0],"19":[0,0],"20":[0,0],"21":[0,0],"22":[0,0],"23":[0,0],"24":[0,0],"25":[0,0],"26":[0,0],"27":[0,0],"28":[0,0],"29":[0,0],"30":[0,0],"31":[0,0],"32":[0,0]}}
,"C:\\Users\\User\\ProxyEthica\\src\\config\\config.js": {"path":"C:\\Users\\User\\ProxyEthica\\src\\config\\config.js","statementMap":{},"fnMap":{},"branchMap":{},"s":{},"f":{},"b":{}}
,"C:\\Users\\User\\ProxyEthica\\src\\config\\development.js": {"path":"C:\\Users\\User\\ProxyEthica\\src\\config\\development.js","statementMap":{},"fnMap":{},"branchMap":{},"s":{},"f":{},"b":{}}
,"C:\\Users\\User\\ProxyEthica\\src\\config\\index.js": {"path":"C:\\Users\\User\\ProxyEthica\\src\\config\\index.js","statementMap":{},"fnMap":{},"branchMap":{},"s":{},"f":{},"b":{}}
,"C:\\Users\\User\\ProxyEthica\\src\\config\\production.js": {"path":"C:\\Users\\User\\ProxyEthica\\src\\config\\production.js","statementMap":{},"fnMap":{},"branchMap":{},"s":{},"f":{},"b":{}}
,"C:\\Users\\User\\ProxyEthica\\src\\config\\proxyConfig.js": {"path":"C:\\Users\\User\\ProxyEthica\\src\\config\\proxyConfig.js","statementMap":{"0":{"start":{"line":9,"column":0},"end":{"line":9,"column":27}},"1":{"start":{"line":12,"column":15},"end":{"line":41,"column":1}},"2":{"start":{"line":44,"column":0},"end":{"line":49,"column":1}},"3":{"start":{"line":45,"column":2},"end":{"line":45,"column":28}},"4":{"start":{"line":46,"column":7},"end":{"line":49,"column":1}},"5":{"start":{"line":48,"column":2},"end":{"line":48,"column":88}},"6":{"start":{"line":51,"column":0},"end":{"line":51,"column":24}}},"fnMap":{},"branchMap":{"0":{"loc":{"start":{"line":13,"column":17},"end":{"line":13,"column":43}},"type":"binary-expr","locations":[{"start":{"line":13,"column":17},"end":{"line":13,"column":33}},{"start":{"line":13,"column":37},"end":{"line":13,"column":43}}],"line":13},"1":{"loc":{"start":{"line":17,"column":11},"end":{"line":17,"column":80}},"type":"binary-expr","locations":[{"start":{"line":17,"column":11},"end":{"line":17,"column":40}},{"start":{"line":17,"column":44},"end":{"line":17,"column":80}}],"line":17},"2":{"loc":{"start":{"line":18,"column":14},"end":{"line":18,"column":49}},"type":"binary-expr","locations":[{"start":{"line":18,"column":14},"end":{"line":18,"column":43}},{"start":{"line":18,"column":47},"end":{"line":18,"column":49}}],"line":18},"3":{"loc":{"start":{"line":19,"column":31},"end":{"line":19,"column":73}},"type":"binary-expr","locations":[{"start":{"line":19,"column":31},"end":{"line":19,"column":64}},{"start":{"line":19,"column":68},"end":{"line":19,"column":73}}],"line":19},"4":{"loc":{"start":{"line":22,"column":11},"end":{"line":22,"column":81}},"type":"binary-expr","locations":[{"start":{"line":22,"column":11},"end":{"line":22,"column":41}},{"start":{"line":22,"column":45},"end":{"line":22,"column":81}}],"line":22},"5":{"loc":{"start":{"line":23,"column":14},"end":{"line":23,"column":50}},"type":"binary-expr","locations":[{"start":{"line":23,"column":14},"end":{"line":23,"column":44}},{"start":{"line":23,"column":48},"end":{"line":23,"column":50}}],"line":23},"6":{"loc":{"start":{"line":24,"column":31},"end":{"line":24,"column":81}},"type":"binary-expr","locations":[{"start":{"line":24,"column":31},"end":{"line":24,"column":73}},{"start":{"line":24,"column":77},"end":{"line":24,"column":81}}],"line":24},"7":{"loc":{"start":{"line":29,"column":22},"end":{"line":29,"column":58}},"type":"binary-expr","locations":[{"start":{"line":29,"column":22},"end":{"line":29,"column":50}},{"start":{"line":29,"column":54},"end":{"line":29,"column":58}}],"line":29},"8":{"loc":{"start":{"line":30,"column":20},"end":{"line":30,"column":54}},"type":"binary-expr","locations":[{"start":{"line":30,"column":20},"end":{"line":30,"column":46}},{"start":{"line":30,"column":50},"end":{"line":30,"column":54}}],"line":30},"9":{"loc":{"start":{"line":33,"column":14},"end":{"line":33,"column":85}},"type":"binary-expr","locations":[{"start":{"line":33,"column":14},"end":{"line":33,"column":36}},{"start":{"line":33,"column":40},"end":{"line":33,"column":85}}],"line":33},"10":{"loc":{"start":{"line":34,"column":17},"end":{"line":34,"column":51}},"type":"binary-expr","locations":[{"start":{"line":34,"column":17},"end":{"line":34,"column":43}},{"start":{"line":34,"column":47},"end":{"line":34,"column":51}}],"line":34},"11":{"loc":{"start":{"line":39,"column":28},"end":{"line":39,"column":68}},"type":"binary-expr","locations":[{"start":{"line":39,"column":28},"end":{"line":39,"column":60}},{"start":{"line":39,"column":64},"end":{"line":39,"column":68}}],"line":39},"12":{"loc":{"start":{"line":44,"column":0},"end":{"line":49,"column":1}},"type":"if","locations":[{"start":{"line":44,"column":0},"end":{"line":49,"column":1}},{"start":{"line":46,"column":7},"end":{"line":49,"column":1}}],"line":44},"13":{"loc":{"start":{"line":46,"column":7},"end":{"line":49,"column":1}},"type":"if","locations":[{"start":{"line":46,"column":7},"end":{"line":49,"column":1}},{"start":{},"end":{}}],"line":46},"14":{"loc":{"start":{"line":48,"column":46},"end":{"line":48,"column":82}},"type":"binary-expr","locations":[{"start":{"line":48,"column":46},"end":{"line":48,"column":74}},{"start":{"line":48,"column":78},"end":{"line":48,"column":82}}],"line":48}},"s":{"0":8,"1":8,"2":8,"3":1,"4":7,"5":1,"6":8},"f":{},"b":{"0":[8,7],"1":[8,7],"2":[8,8],"3":[8,6],"4":[8,8],"5":[8,8],"6":[8,8],"7":[8,8],"8":[8,8],"9":[8,8],"10":[8,8],"11":[8,8],"12":[1,7],"13":[1,6],"14":[1,1]},"_coverageSchema":"1a1c01bbd47fc00a2c39e90264f33305004495a9","hash":"ace972f8e989b629671da2843bf9b52fd49335a7"}
,"C:\\Users\\User\\ProxyEthica\\src\\middleware\\proxyAuth.js": {"path":"C:\\Users\\User\\ProxyEthica\\src\\middleware\\proxyAuth.js","statementMap":{"0":{"start":{"line":8,"column":12},"end":{"line":8,"column":35}},"1":{"start":{"line":16,"column":18},"end":{"line":59,"column":1}},"2":{"start":{"line":18,"column":21},"end":{"line":18,"column":46}},"3":{"start":{"line":19,"column":2},"end":{"line":24,"column":3}},"4":{"start":{"line":20,"column":4},"end":{"line":23,"column":7}},"5":{"start":{"line":27,"column":16},"end":{"line":27,"column":39}},"6":{"start":{"line":29,"column":2},"end":{"line":58,"column":3}},"7":{"start":{"line":31,"column":19},"end":{"line":31,"column":58}},"8":{"start":{"line":32,"column":20},"end":{"line":32,"column":45}},"9":{"start":{"line":35,"column":16},"end":{"line":35,"column":45}},"10":{"start":{"line":36,"column":4},"end":{"line":41,"column":5}},"11":{"start":{"line":37,"column":6},"end":{"line":40,"column":9}},"12":{"start":{"line":44,"column":4},"end":{"line":44,"column":23}},"13":{"start":{"line":45,"column":4},"end":{"line":45,"column":11}},"14":{"start":{"line":47,"column":4},"end":{"line":52,"column":5}},"15":{"start":{"line":48,"column":6},"end":{"line":51,"column":9}},"16":{"start":{"line":54,"column":4},"end":{"line":57,"column":7}},"17":{"start":{"line":61,"column":0},"end":{"line":61,"column":27}}},"fnMap":{"0":{"name":"(anonymous_0)","decl":{"start":{"line":16,"column":18},"end":{"line":16,"column":19}},"loc":{"start":{"line":16,"column":38},"end":{"line":59,"column":1}},"line":16}},"branchMap":{"0":{"loc":{"start":{"line":19,"column":2},"end":{"line":24,"column":3}},"type":"if","locations":[{"start":{"line":19,"column":2},"end":{"line":24,"column":3}},{"start":{},"end":{}}],"line":19},"1":{"loc":{"start":{"line":19,"column":6},"end":{"line":19,"column":54}},"type":"binary-expr","locations":[{"start":{"line":19,"column":6},"end":{"line":19,"column":17}},{"start":{"line":19,"column":21},"end":{"line":19,"column":54}}],"line":19},"2":{"loc":{"start":{"line":31,"column":19},"end":{"line":31,"column":58}},"type":"binary-expr","locations":[{"start":{"line":31,"column":19},"end":{"line":31,"column":41}},{"start":{"line":31,"column":45},"end":{"line":31,"column":58}}],"line":31},"3":{"loc":{"start":{"line":36,"column":4},"end":{"line":41,"column":5}},"type":"if","locations":[{"start":{"line":36,"column":4},"end":{"line":41,"column":5}},{"start":{},"end":{}}],"line":36},"4":{"loc":{"start":{"line":36,"column":8},"end":{"line":36,"column":40}},"type":"binary-expr","locations":[{"start":{"line":36,"column":8},"end":{"line":36,"column":19}},{"start":{"line":36,"column":23},"end":{"line":36,"column":40}}],"line":36},"5":{"loc":{"start":{"line":47,"column":4},"end":{"line":52,"column":5}},"type":"if","locations":[{"start":{"line":47,"column":4},"end":{"line":52,"column":5}},{"start":{},"end":{}}],"line":47}},"s":{"0":2,"1":2,"2":5,"3":5,"4":2,"5":3,"6":3,"7":3,"8":3,"9":1,"10":1,"11":0,"12":1,"13":1,"14":2,"15":1,"16":1,"17":2},"f":{"0":5},"b":{"0":[2,3],"1":[5,3],"2":[3,3],"3":[0,1],"4":[1,1],"5":[1,1]},"_coverageSchema":"1a1c01bbd47fc00a2c39e90264f33305004495a9","hash":"80ec045757293479df20ffed03d73db2015ba311"}
,"C:\\Users\\User\\ProxyEthica\\src\\middleware\\rateLimiter.js": {"path":"C:\\Users\\User\\ProxyEthica\\src\\middleware\\rateLimiter.js","statementMap":{"0":{"start":{"line":9,"column":22},"end":{"line":9,"column":31}},"1":{"start":{"line":17,"column":20},"end":{"line":67,"column":1}},"2":{"start":{"line":18,"column":13},"end":{"line":18,"column":19}},"3":{"start":{"line":19,"column":15},"end":{"line":19,"column":23}},"4":{"start":{"line":20,"column":14},"end":{"line":20,"column":24}},"5":{"start":{"line":23,"column":14},"end":{"line":23,"column":16}},"6":{"start":{"line":24,"column":17},"end":{"line":24,"column":26}},"7":{"start":{"line":27,"column":2},"end":{"line":31,"column":3}},"8":{"start":{"line":28,"column":4},"end":{"line":28,"column":15}},"9":{"start":{"line":29,"column":9},"end":{"line":31,"column":3}},"10":{"start":{"line":30,"column":4},"end":{"line":30,"column":16}},"11":{"start":{"line":34,"column":14},"end":{"line":34,"column":29}},"12":{"start":{"line":35,"column":17},"end":{"line":38,"column":3}},"13":{"start":{"line":41,"column":2},"end":{"line":46,"column":3}},"14":{"start":{"line":42,"column":4},"end":{"line":45,"column":6}},"15":{"start":{"line":49,"column":2},"end":{"line":49,"column":19}},"16":{"start":{"line":50,"column":2},"end":{"line":50,"column":35}},"17":{"start":{"line":53,"column":2},"end":{"line":53,"column":49}},"18":{"start":{"line":54,"column":2},"end":{"line":54,"column":83}},"19":{"start":{"line":55,"column":2},"end":{"line":55,"column":78}},"20":{"start":{"line":58,"column":2},"end":{"line":64,"column":3}},"21":{"start":{"line":59,"column":4},"end":{"line":63,"column":7}},"22":{"start":{"line":66,"column":2},"end":{"line":66,"column":9}},"23":{"start":{"line":69,"column":0},"end":{"line":69,"column":29}}},"fnMap":{"0":{"name":"(anonymous_0)","decl":{"start":{"line":17,"column":20},"end":{"line":17,"column":21}},"loc":{"start":{"line":17,"column":40},"end":{"line":67,"column":1}},"line":17}},"branchMap":{"0":{"loc":{"start":{"line":27,"column":2},"end":{"line":31,"column":3}},"type":"if","locations":[{"start":{"line":27,"column":2},"end":{"line":31,"column":3}},{"start":{"line":29,"column":9},"end":{"line":31,"column":3}}],"line":27},"1":{"loc":{"start":{"line":27,"column":6},"end":{"line":27,"column":59}},"type":"binary-expr","locations":[{"start":{"line":27,"column":6},"end":{"line":27,"column":30}},{"start":{"line":27,"column":34},"end":{"line":27,"column":59}}],"line":27},"2":{"loc":{"start":{"line":29,"column":9},"end":{"line":31,"column":3}},"type":"if","locations":[{"start":{"line":29,"column":9},"end":{"line":31,"column":3}},{"start":{},"end":{}}],"line":29},"3":{"loc":{"start":{"line":29,"column":13},"end":{"line":29,"column":65}},"type":"binary-expr","locations":[{"start":{"line":29,"column":13},"end":{"line":29,"column":37}},{"start":{"line":29,"column":41},"end":{"line":29,"column":65}}],"line":29},"4":{"loc":{"start":{"line":35,"column":17},"end":{"line":38,"column":3}},"type":"binary-expr","locations":[{"start":{"line":35,"column":17},"end":{"line":35,"column":39}},{"start":{"line":35,"column":43},"end":{"line":38,"column":3}}],"line":35},"5":{"loc":{"start":{"line":41,"column":2},"end":{"line":46,"column":3}},"type":"if","locations":[{"start":{"line":41,"column":2},"end":{"line":46,"column":3}},{"start":{},"end":{}}],"line":41},"6":{"loc":{"start":{"line":58,"column":2},"end":{"line":64,"column":3}},"type":"if","locations":[{"start":{"line":58,"column":2},"end":{"line":64,"column":3}},{"start":{},"end":{}}],"line":58}},"s":{"0":2,"1":2,"2":0,"3":0,"4":0,"5":0,"6":0,"7":0,"8":0,"9":0,"10":0,"11":0,"12":0,"13":0,"14":0,"15":0,"16":0,"17":0,"18":0,"19":0,"20":0,"21":0,"22":0,"23":2},"f":{"0":0},"b":{"0":[0,0],"1":[0,0],"2":[0,0],"3":[0,0],"4":[0,0],"5":[0,0],"6":[0,0]},"_coverageSchema":"1a1c01bbd47fc00a2c39e90264f33305004495a9","hash":"2a0d3356e9add4e52b8aa93c3cb75c62d0d20036"}
,"C:\\Users\\User\\ProxyEthica\\src\\models\\Contributor.js": {"path":"C:\\Users\\User\\ProxyEthica\\src\\models\\Contributor.js","statementMap":{"0":{"start":{"line":22,"column":4},"end":{"line":22,"column":29}},"1":{"start":{"line":23,"column":4},"end":{"line":23,"column":31}},"2":{"start":{"line":24,"column":4},"end":{"line":24,"column":29}},"3":{"start":{"line":25,"column":4},"end":{"line":25,"column":31}},"4":{"start":{"line":26,"column":4},"end":{"line":26,"column":35}},"5":{"start":{"line":27,"column":4},"end":{"line":27,"column":31}},"6":{"start":{"line":28,"column":4},"end":{"line":28,"column":41}},"7":{"start":{"line":29,"column":4},"end":{"line":29,"column":27}},"8":{"start":{"line":30,"column":4},"end":{"line":30,"column":25}},"9":{"start":{"line":31,"column":4},"end":{"line":31,"column":33}},"10":{"start":{"line":32,"column":4},"end":{"line":32,"column":33}},"11":{"start":{"line":40,"column":4},"end":{"line":42,"column":5}},"12":{"start":{"line":41,"column":6},"end":{"line":41,"column":13}},"13":{"start":{"line":44,"column":4},"end":{"line":44,"column":36}},"14":{"start":{"line":45,"column":4},"end":{"line":45,"column":31}},"15":{"start":{"line":53,"column":4},"end":{"line":53,"column":53}},"16":{"start":{"line":61,"column":4},"end":{"line":61,"column":31}},"17":{"start":{"line":62,"column":4},"end":{"line":62,"column":39}},"18":{"start":{"line":70,"column":4},"end":{"line":79,"column":6}},"19":{"start":{"line":83,"column":0},"end":{"line":83,"column":29}}},"fnMap":{"0":{"name":"(anonymous_0)","decl":{"start":{"line":13,"column":2},"end":{"line":13,"column":3}},"loc":{"start":{"line":21,"column":5},"end":{"line":33,"column":3}},"line":21},"1":{"name":"(anonymous_1)","decl":{"start":{"line":39,"column":2},"end":{"line":39,"column":3}},"loc":{"start":{"line":39,"column":28},"end":{"line":46,"column":3}},"line":39},"2":{"name":"(anonymous_2)","decl":{"start":{"line":52,"column":2},"end":{"line":52,"column":3}},"loc":{"start":{"line":52,"column":24},"end":{"line":54,"column":3}},"line":52},"3":{"name":"(anonymous_3)","decl":{"start":{"line":60,"column":2},"end":{"line":60,"column":3}},"loc":{"start":{"line":60,"column":25},"end":{"line":63,"column":3}},"line":60},"4":{"name":"(anonymous_4)","decl":{"start":{"line":69,"column":2},"end":{"line":69,"column":3}},"loc":{"start":{"line":69,"column":20},"end":{"line":80,"column":3}},"line":69}},"branchMap":{"0":{"loc":{"start":{"line":16,"column":4},"end":{"line":16,"column":20}},"type":"default-arg","locations":[{"start":{"line":16,"column":15},"end":{"line":16,"column":20}}],"line":16},"1":{"loc":{"start":{"line":17,"column":4},"end":{"line":17,"column":21}},"type":"default-arg","locations":[{"start":{"line":17,"column":16},"end":{"line":17,"column":21}}],"line":17},"2":{"loc":{"start":{"line":18,"column":4},"end":{"line":18,"column":25}},"type":"default-arg","locations":[{"start":{"line":18,"column":21},"end":{"line":18,"column":25}}],"line":18},"3":{"loc":{"start":{"line":19,"column":4},"end":{"line":19,"column":18}},"type":"default-arg","locations":[{"start":{"line":19,"column":13},"end":{"line":19,"column":18}}],"line":19},"4":{"loc":{"start":{"line":20,"column":4},"end":{"line":20,"column":22}},"type":"default-arg","locations":[{"start":{"line":20,"column":17},"end":{"line":20,"column":22}}],"line":20},"5":{"loc":{"start":{"line":40,"column":4},"end":{"line":42,"column":5}},"type":"if","locations":[{"start":{"line":40,"column":4},"end":{"line":42,"column":5}},{"start":{},"end":{}}],"line":40},"6":{"loc":{"start":{"line":40,"column":8},"end":{"line":40,"column":54}},"type":"binary-expr","locations":[{"start":{"line":40,"column":8},"end":{"line":40,"column":37}},{"start":{"line":40,"column":41},"end":{"line":40,"column":54}}],"line":40}},"s":{"0":6,"1":6,"2":6,"3":6,"4":6,"5":6,"6":6,"7":6,"8":6,"9":6,"10":6,"11":5,"12":0,"13":5,"14":5,"15":2,"16":2,"17":2,"18":1,"19":1},"f":{"0":6,"1":5,"2":2,"3":2,"4":1},"b":{"0":[4],"1":[4],"2":[2],"3":[5],"4":[5],"5":[0,5],"6":[5,5]},"_coverageSchema":"1a1c01bbd47fc00a2c39e90264f33305004495a9","hash":"e12bd6d002d29953d3d75b298aa10709c46e3b2f"}
,"C:\\Users\\User\\ProxyEthica\\src\\sdk\\ProxyClientSDK.js": {"path":"C:\\Users\\User\\ProxyEthica\\src\\sdk\\ProxyClientSDK.js","statementMap":{"0":{"start":{"line":7,"column":14},"end":{"line":7,"column":30}},"1":{"start":{"line":8,"column":25},"end":{"line":8,"column":42}},"2":{"start":{"line":9,"column":23},"end":{"line":9,"column":38}},"3":{"start":{"line":10,"column":26},"end":{"line":10,"column":63}},"4":{"start":{"line":11,"column":21},"end":{"line":11,"column":53}},"5":{"start":{"line":15,"column":4},"end":{"line":15,"column":12}},"6":{"start":{"line":17,"column":4},"end":{"line":25,"column":6}},"7":{"start":{"line":27,"column":4},"end":{"line":27,"column":49}},"8":{"start":{"line":30,"column":4},"end":{"line":37,"column":6}},"9":{"start":{"line":39,"column":4},"end":{"line":39,"column":60}},"10":{"start":{"line":40,"column":4},"end":{"line":40,"column":39}},"11":{"start":{"line":41,"column":4},"end":{"line":41,"column":51}},"12":{"start":{"line":42,"column":4},"end":{"line":42,"column":30}},"13":{"start":{"line":43,"column":4},"end":{"line":43,"column":53}},"14":{"start":{"line":44,"column":4},"end":{"line":44,"column":43}},"15":{"start":{"line":45,"column":4},"end":{"line":45,"column":44}},"16":{"start":{"line":46,"column":4},"end":{"line":46,"column":53}},"17":{"start":{"line":49,"column":4},"end":{"line":49,"column":28}},"18":{"start":{"line":57,"column":4},"end":{"line":59,"column":5}},"19":{"start":{"line":58,"column":6},"end":{"line":58,"column":45}},"20":{"start":{"line":61,"column":4},"end":{"line":88,"column":5}},"21":{"start":{"line":62,"column":23},"end":{"line":65,"column":8}},"22":{"start":{"line":67,"column":6},"end":{"line":69,"column":7}},"23":{"start":{"line":68,"column":8},"end":{"line":68,"column":69}},"24":{"start":{"line":72,"column":29},"end":{"line":76,"column":8}},"25":{"start":{"line":78,"column":6},"end":{"line":78,"column":41}},"26":{"start":{"line":79,"column":6},"end":{"line":79,"column":60}},"27":{"start":{"line":82,"column":6},"end":{"line":82,"column":30}},"28":{"start":{"line":84,"column":6},"end":{"line":84,"column":28}},"29":{"start":{"line":86,"column":6},"end":{"line":86,"column":60}},"30":{"start":{"line":87,"column":6},"end":{"line":87,"column":18}},"31":{"start":{"line":97,"column":24},"end":{"line":105,"column":5}},"32":{"start":{"line":109,"column":4},"end":{"line":109,"column":48}},"33":{"start":{"line":113,"column":22},"end":{"line":113,"column":55}},"34":{"start":{"line":116,"column":4},"end":{"line":116,"column":35}},"35":{"start":{"line":117,"column":4},"end":{"line":117,"column":41}},"36":{"start":{"line":120,"column":4},"end":{"line":124,"column":7}},"37":{"start":{"line":127,"column":4},"end":{"line":131,"column":5}},"38":{"start":{"line":128,"column":6},"end":{"line":128,"column":35}},"39":{"start":{"line":130,"column":6},"end":{"line":130,"column":34}},"40":{"start":{"line":133,"column":4},"end":{"line":133,"column":21}},"41":{"start":{"line":142,"column":21},"end":{"line":142,"column":63}},"42":{"start":{"line":145,"column":4},"end":{"line":145,"column":45}},"43":{"start":{"line":146,"column":4},"end":{"line":150,"column":7}},"44":{"start":{"line":152,"column":4},"end":{"line":152,"column":20}},"45":{"start":{"line":161,"column":4},"end":{"line":164,"column":5}},"46":{"start":{"line":162,"column":6},"end":{"line":162,"column":92}},"47":{"start":{"line":163,"column":6},"end":{"line":163,"column":19}},"48":{"start":{"line":166,"column":4},"end":{"line":169,"column":5}},"49":{"start":{"line":167,"column":6},"end":{"line":167,"column":89}},"50":{"start":{"line":168,"column":6},"end":{"line":168,"column":19}},"51":{"start":{"line":171,"column":4},"end":{"line":197,"column":5}},"52":{"start":{"line":173,"column":23},"end":{"line":180,"column":8}},"53":{"start":{"line":182,"column":6},"end":{"line":182,"column":36}},"54":{"start":{"line":183,"column":6},"end":{"line":183,"column":41}},"55":{"start":{"line":185,"column":6},"end":{"line":188,"column":9}},"56":{"start":{"line":191,"column":6},"end":{"line":191,"column":29}},"57":{"start":{"line":193,"column":6},"end":{"line":193,"column":18}},"58":{"start":{"line":195,"column":6},"end":{"line":195,"column":53}},"59":{"start":{"line":196,"column":6},"end":{"line":196,"column":19}},"60":{"start":{"line":205,"column":4},"end":{"line":226,"column":5}},"61":{"start":{"line":207,"column":6},"end":{"line":211,"column":9}},"62":{"start":{"line":213,"column":6},"end":{"line":213,"column":37}},"63":{"start":{"line":214,"column":6},"end":{"line":217,"column":9}},"64":{"start":{"line":220,"column":6},"end":{"line":220,"column":28}},"65":{"start":{"line":222,"column":6},"end":{"line":222,"column":18}},"66":{"start":{"line":224,"column":6},"end":{"line":224,"column":53}},"67":{"start":{"line":225,"column":6},"end":{"line":225,"column":19}},"68":{"start":{"line":234,"column":4},"end":{"line":258,"column":5}},"69":{"start":{"line":236,"column":6},"end":{"line":238,"column":7}},"70":{"start":{"line":237,"column":8},"end":{"line":237,"column":33}},"71":{"start":{"line":241,"column":6},"end":{"line":244,"column":9}},"72":{"start":{"line":246,"column":6},"end":{"line":246,"column":33}},"73":{"start":{"line":247,"column":6},"end":{"line":247,"column":39}},"74":{"start":{"line":249,"column":6},"end":{"line":252,"column":9}},"75":{"start":{"line":254,"column":6},"end":{"line":254,"column":18}},"76":{"start":{"line":256,"column":6},"end":{"line":256,"column":53}},"77":{"start":{"line":257,"column":6},"end":{"line":257,"column":19}},"78":{"start":{"line":267,"column":19},"end":{"line":267,"column":44}},"79":{"start":{"line":268,"column":4},"end":{"line":268,"column":39}},"80":{"start":{"line":271,"column":4},"end":{"line":279,"column":5}},"81":{"start":{"line":272,"column":6},"end":{"line":275,"column":9}},"82":{"start":{"line":278,"column":6},"end":{"line":278,"column":25}},"83":{"start":{"line":282,"column":4},"end":{"line":286,"column":7}},"84":{"start":{"line":294,"column":4},"end":{"line":298,"column":6}},"85":{"start":{"line":306,"column":4},"end":{"line":308,"column":5}},"86":{"start":{"line":307,"column":6},"end":{"line":307,"column":55}},"87":{"start":{"line":318,"column":4},"end":{"line":325,"column":6}},"88":{"start":{"line":337,"column":4},"end":{"line":349,"column":5}},"89":{"start":{"line":339,"column":6},"end":{"line":342,"column":9}},"90":{"start":{"line":340,"column":8},"end":{"line":340,"column":65}},"91":{"start":{"line":341,"column":8},"end":{"line":341,"column":37}},"92":{"start":{"line":345,"column":6},"end":{"line":345,"column":63}},"93":{"start":{"line":348,"column":6},"end":{"line":348,"column":31}},"94":{"start":{"line":352,"column":4},"end":{"line":365,"column":5}},"95":{"start":{"line":353,"column":6},"end":{"line":361,"column":9}},"96":{"start":{"line":354,"column":8},"end":{"line":357,"column":11}},"97":{"start":{"line":355,"column":10},"end":{"line":355,"column":51}},"98":{"start":{"line":356,"column":10},"end":{"line":356,"column":39}},"99":{"start":{"line":360,"column":8},"end":{"line":360,"column":49}},"100":{"start":{"line":364,"column":6},"end":{"line":364,"column":35}},"101":{"start":{"line":367,"column":4},"end":{"line":367,"column":33}},"102":{"start":{"line":375,"column":4},"end":{"line":386,"column":14}},"103":{"start":{"line":377,"column":6},"end":{"line":385,"column":7}},"104":{"start":{"line":378,"column":8},"end":{"line":384,"column":11}},"105":{"start":{"line":383,"column":10},"end":{"line":383,"column":59}},"106":{"start":{"line":394,"column":4},"end":{"line":397,"column":5}},"107":{"start":{"line":395,"column":6},"end":{"line":395,"column":44}},"108":{"start":{"line":396,"column":6},"end":{"line":396,"column":36}},"109":{"start":{"line":408,"column":4},"end":{"line":421,"column":5}},"110":{"start":{"line":409,"column":23},"end":{"line":415,"column":8}},"111":{"start":{"line":417,"column":6},"end":{"line":417,"column":27}},"112":{"start":{"line":419,"column":6},"end":{"line":419,"column":59}},"113":{"start":{"line":420,"column":6},"end":{"line":420,"column":18}},"114":{"start":{"line":430,"column":4},"end":{"line":434,"column":6}},"115":{"start":{"line":438,"column":0},"end":{"line":438,"column":32}}},"fnMap":{"0":{"name":"(anonymous_0)","decl":{"start":{"line":14,"column":2},"end":{"line":14,"column":3}},"loc":{"start":{"line":14,"column":28},"end":{"line":50,"column":3}},"line":14},"1":{"name":"(anonymous_1)","decl":{"start":{"line":56,"column":2},"end":{"line":56,"column":3}},"loc":{"start":{"line":56,"column":21},"end":{"line":89,"column":3}},"line":56},"2":{"name":"(anonymous_2)","decl":{"start":{"line":96,"column":2},"end":{"line":96,"column":3}},"loc":{"start":{"line":96,"column":48},"end":{"line":134,"column":3}},"line":96},"3":{"name":"(anonymous_3)","decl":{"start":{"line":140,"column":2},"end":{"line":140,"column":3}},"loc":{"start":{"line":140,"column":26},"end":{"line":153,"column":3}},"line":140},"4":{"name":"(anonymous_4)","decl":{"start":{"line":159,"column":2},"end":{"line":159,"column":3}},"loc":{"start":{"line":159,"column":23},"end":{"line":198,"column":3}},"line":159},"5":{"name":"(anonymous_5)","decl":{"start":{"line":204,"column":2},"end":{"line":204,"column":3}},"loc":{"start":{"line":204,"column":22},"end":{"line":227,"column":3}},"line":204},"6":{"name":"(anonymous_6)","decl":{"start":{"line":233,"column":2},"end":{"line":233,"column":3}},"loc":{"start":{"line":233,"column":17},"end":{"line":259,"column":3}},"line":233},"7":{"name":"(anonymous_7)","decl":{"start":{"line":265,"column":2},"end":{"line":265,"column":3}},"loc":{"start":{"line":265,"column":33},"end":{"line":287,"column":3}},"line":265},"8":{"name":"(anonymous_8)","decl":{"start":{"line":293,"column":2},"end":{"line":293,"column":3}},"loc":{"start":{"line":293,"column":25},"end":{"line":299,"column":3}},"line":293},"9":{"name":"(anonymous_9)","decl":{"start":{"line":305,"column":2},"end":{"line":305,"column":3}},"loc":{"start":{"line":305,"column":21},"end":{"line":309,"column":3}},"line":305},"10":{"name":"(anonymous_10)","decl":{"start":{"line":316,"column":2},"end":{"line":316,"column":3}},"loc":{"start":{"line":316,"column":19},"end":{"line":326,"column":3}},"line":316},"11":{"name":"(anonymous_11)","decl":{"start":{"line":332,"column":2},"end":{"line":332,"column":3}},"loc":{"start":{"line":332,"column":21},"end":{"line":368,"column":3}},"line":332},"12":{"name":"(anonymous_12)","decl":{"start":{"line":339,"column":54},"end":{"line":339,"column":55}},"loc":{"start":{"line":339,"column":60},"end":{"line":342,"column":7}},"line":339},"13":{"name":"(anonymous_13)","decl":{"start":{"line":353,"column":34},"end":{"line":353,"column":35}},"loc":{"start":{"line":353,"column":45},"end":{"line":361,"column":7}},"line":353},"14":{"name":"(anonymous_14)","decl":{"start":{"line":354,"column":51},"end":{"line":354,"column":52}},"loc":{"start":{"line":354,"column":57},"end":{"line":357,"column":9}},"line":354},"15":{"name":"(anonymous_15)","decl":{"start":{"line":374,"column":2},"end":{"line":374,"column":3}},"loc":{"start":{"line":374,"column":20},"end":{"line":387,"column":3}},"line":374},"16":{"name":"(anonymous_16)","decl":{"start":{"line":375,"column":41},"end":{"line":375,"column":42}},"loc":{"start":{"line":375,"column":47},"end":{"line":386,"column":5}},"line":375},"17":{"name":"(anonymous_17)","decl":{"start":{"line":382,"column":17},"end":{"line":382,"column":18}},"loc":{"start":{"line":382,"column":26},"end":{"line":384,"column":9}},"line":382},"18":{"name":"(anonymous_18)","decl":{"start":{"line":393,"column":2},"end":{"line":393,"column":3}},"loc":{"start":{"line":393,"column":19},"end":{"line":398,"column":3}},"line":393},"19":{"name":"(anonymous_19)","decl":{"start":{"line":407,"column":2},"end":{"line":407,"column":3}},"loc":{"start":{"line":407,"column":33},"end":{"line":422,"column":3}},"line":407},"20":{"name":"(anonymous_20)","decl":{"start":{"line":429,"column":2},"end":{"line":429,"column":3}},"loc":{"start":{"line":429,"column":16},"end":{"line":435,"column":3}},"line":429}},"branchMap":{"0":{"loc":{"start":{"line":14,"column":14},"end":{"line":14,"column":26}},"type":"default-arg","locations":[{"start":{"line":14,"column":24},"end":{"line":14,"column":26}}],"line":14},"1":{"loc":{"start":{"line":18,"column":17},"end":{"line":18,"column":67}},"type":"binary-expr","locations":[{"start":{"line":18,"column":17},"end":{"line":18,"column":34}},{"start":{"line":18,"column":38},"end":{"line":18,"column":67}}],"line":18},"2":{"loc":{"start":{"line":22,"column":22},"end":{"line":22,"column":51}},"type":"binary-expr","locations":[{"start":{"line":22,"column":22},"end":{"line":22,"column":44}},{"start":{"line":22,"column":48},"end":{"line":22,"column":51}}],"line":22},"3":{"loc":{"start":{"line":23,"column":21},"end":{"line":23,"column":48}},"type":"binary-expr","locations":[{"start":{"line":23,"column":21},"end":{"line":23,"column":42}},{"start":{"line":23,"column":46},"end":{"line":23,"column":48}}],"line":23},"4":{"loc":{"start":{"line":27,"column":20},"end":{"line":27,"column":48}},"type":"binary-expr","locations":[{"start":{"line":27,"column":20},"end":{"line":27,"column":36}},{"start":{"line":27,"column":40},"end":{"line":27,"column":48}}],"line":27},"5":{"loc":{"start":{"line":39,"column":18},"end":{"line":39,"column":59}},"type":"binary-expr","locations":[{"start":{"line":39,"column":18},"end":{"line":39,"column":32}},{"start":{"line":39,"column":36},"end":{"line":39,"column":59}}],"line":39},"6":{"loc":{"start":{"line":40,"column":18},"end":{"line":40,"column":38}},"type":"binary-expr","locations":[{"start":{"line":40,"column":18},"end":{"line":40,"column":32}},{"start":{"line":40,"column":36},"end":{"line":40,"column":38}}],"line":40},"7":{"loc":{"start":{"line":41,"column":26},"end":{"line":41,"column":50}},"type":"binary-expr","locations":[{"start":{"line":41,"column":26},"end":{"line":41,"column":41}},{"start":{"line":41,"column":45},"end":{"line":41,"column":50}}],"line":41},"8":{"loc":{"start":{"line":45,"column":18},"end":{"line":45,"column":43}},"type":"binary-expr","locations":[{"start":{"line":45,"column":18},"end":{"line":45,"column":32}},{"start":{"line":45,"column":36},"end":{"line":45,"column":43}}],"line":45},"9":{"loc":{"start":{"line":57,"column":4},"end":{"line":59,"column":5}},"type":"if","locations":[{"start":{"line":57,"column":4},"end":{"line":59,"column":5}},{"start":{},"end":{}}],"line":57},"10":{"loc":{"start":{"line":67,"column":6},"end":{"line":69,"column":7}},"type":"if","locations":[{"start":{"line":67,"column":6},"end":{"line":69,"column":7}},{"start":{},"end":{}}],"line":67},"11":{"loc":{"start":{"line":96,"column":27},"end":{"line":96,"column":46}},"type":"default-arg","locations":[{"start":{"line":96,"column":44},"end":{"line":96,"column":46}}],"line":96},"12":{"loc":{"start":{"line":98,"column":15},"end":{"line":98,"column":100}},"type":"binary-expr","locations":[{"start":{"line":98,"column":15},"end":{"line":98,"column":37}},{"start":{"line":98,"column":41},"end":{"line":98,"column":100}}],"line":98},"13":{"loc":{"start":{"line":99,"column":21},"end":{"line":99,"column":107}},"type":"binary-expr","locations":[{"start":{"line":99,"column":21},"end":{"line":99,"column":49}},{"start":{"line":99,"column":53},"end":{"line":99,"column":107}}],"line":99},"14":{"loc":{"start":{"line":100,"column":24},"end":{"line":100,"column":115}},"type":"binary-expr","locations":[{"start":{"line":100,"column":24},"end":{"line":100,"column":55}},{"start":{"line":100,"column":59},"end":{"line":100,"column":115}}],"line":100},"15":{"loc":{"start":{"line":102,"column":21},"end":{"line":102,"column":86}},"type":"binary-expr","locations":[{"start":{"line":102,"column":21},"end":{"line":102,"column":49}},{"start":{"line":102,"column":53},"end":{"line":102,"column":86}}],"line":102},"16":{"loc":{"start":{"line":103,"column":22},"end":{"line":103,"column":86}},"type":"binary-expr","locations":[{"start":{"line":103,"column":22},"end":{"line":103,"column":51}},{"start":{"line":103,"column":55},"end":{"line":103,"column":86}}],"line":103},"17":{"loc":{"start":{"line":113,"column":22},"end":{"line":113,"column":55}},"type":"binary-expr","locations":[{"start":{"line":113,"column":22},"end":{"line":113,"column":46}},{"start":{"line":113,"column":50},"end":{"line":113,"column":55}}],"line":113},"18":{"loc":{"start":{"line":127,"column":4},"end":{"line":131,"column":5}},"type":"if","locations":[{"start":{"line":127,"column":4},"end":{"line":131,"column":5}},{"start":{"line":129,"column":11},"end":{"line":131,"column":5}}],"line":127},"19":{"loc":{"start":{"line":142,"column":21},"end":{"line":142,"column":63}},"type":"binary-expr","locations":[{"start":{"line":142,"column":21},"end":{"line":142,"column":38}},{"start":{"line":142,"column":42},"end":{"line":142,"column":63}}],"line":142},"20":{"loc":{"start":{"line":161,"column":4},"end":{"line":164,"column":5}},"type":"if","locations":[{"start":{"line":161,"column":4},"end":{"line":164,"column":5}},{"start":{},"end":{}}],"line":161},"21":{"loc":{"start":{"line":166,"column":4},"end":{"line":169,"column":5}},"type":"if","locations":[{"start":{"line":166,"column":4},"end":{"line":169,"column":5}},{"start":{},"end":{}}],"line":166},"22":{"loc":{"start":{"line":236,"column":6}
[...]
line":131,"column":23}},"50":{"start":{"line":136,"column":6},"end":{"line":136,"column":18}},"51":{"start":{"line":139,"column":6},"end":{"line":139,"column":18}},"52":{"start":{"line":149,"column":18},"end":{"line":149,"column":37}},"53":{"start":{"line":150,"column":27},"end":{"line":150,"column":31}},"54":{"start":{"line":151,"column":4},"end":{"line":151,"column":20}},"55":{"start":{"line":152,"column":4},"end":{"line":152,"column":24}},"56":{"start":{"line":154,"column":4},"end":{"line":205,"column":5}},"57":{"start":{"line":155,"column":6},"end":{"line":155,"column":25}},"58":{"start":{"line":158,"column":6},"end":{"line":160,"column":7}},"59":{"start":{"line":159,"column":8},"end":{"line":159,"column":17}},"60":{"start":{"line":163,"column":41},"end":{"line":163,"column":56}},"61":{"start":{"line":164,"column":18},"end":{"line":164,"column":45}},"62":{"start":{"line":167,"column":6},"end":{"line":169,"column":7}},"63":{"start":{"line":168,"column":8},"end":{"line":168,"column":17}},"64":{"start":{"line":171,"column":6},"end":{"line":204,"column":7}},"65":{"start":{"line":173,"column":10},"end":{"line":173,"column":35}},"66":{"start":{"line":174,"column":10},"end":{"line":174,"column":16}},"67":{"start":{"line":177,"column":10},"end":{"line":183,"column":11}},"68":{"start":{"line":178,"column":12},"end":{"line":182,"column":15}},"69":{"start":{"line":184,"column":10},"end":{"line":184,"column":16}},"70":{"start":{"line":187,"column":10},"end":{"line":193,"column":11}},"71":{"start":{"line":188,"column":12},"end":{"line":192,"column":15}},"72":{"start":{"line":194,"column":10},"end":{"line":194,"column":16}},"73":{"start":{"line":197,"column":10},"end":{"line":202,"column":11}},"74":{"start":{"line":198,"column":26},"end":{"line":198,"column":43}},"75":{"start":{"line":199,"column":12},"end":{"line":201,"column":13}},"76":{"start":{"line":200,"column":14},"end":{"line":200,"column":38}},"77":{"start":{"line":203,"column":10},"end":{"line":203,"column":16}},"78":{"start":{"line":209,"column":0},"end":{"line":209,"column":30}}},"fnMap":{"0":{"name":"(anonymous_0)","decl":{"start":{"line":12,"column":2},"end":{"line":12,"column":3}},"loc":{"start":{"line":12,"column":45},"end":{"line":18,"column":3}},"line":12},"1":{"name":"(anonymous_1)","decl":{"start":{"line":25,"column":2},"end":{"line":25,"column":3}},"loc":{"start":{"line":25,"column":26},"end":{"line":51,"column":3}},"line":25},"2":{"name":"(anonymous_2)","decl":{"start":{"line":57,"column":2},"end":{"line":57,"column":3}},"loc":{"start":{"line":57,"column":18},"end":{"line":59,"column":3}},"line":57},"3":{"name":"(anonymous_3)","decl":{"start":{"line":65,"column":2},"end":{"line":65,"column":3}},"loc":{"start":{"line":65,"column":28},"end":{"line":80,"column":3}},"line":65},"4":{"name":"(anonymous_4)","decl":{"start":{"line":76,"column":24},"end":{"line":76,"column":25}},"loc":{"start":{"line":76,"column":35},"end":{"line":76,"column":64}},"line":76},"5":{"name":"(anonymous_5)","decl":{"start":{"line":87,"column":2},"end":{"line":87,"column":3}},"loc":{"start":{"line":87,"column":30},"end":{"line":141,"column":3}},"line":87},"6":{"name":"(anonymous_6)","decl":{"start":{"line":105,"column":46},"end":{"line":105,"column":47}},"loc":{"start":{"line":106,"column":8},"end":{"line":106,"column":41}},"line":106},"7":{"name":"(anonymous_7)","decl":{"start":{"line":109,"column":45},"end":{"line":109,"column":46}},"loc":{"start":{"line":110,"column":8},"end":{"line":110,"column":30}},"line":110},"8":{"name":"(anonymous_8)","decl":{"start":{"line":148,"column":2},"end":{"line":148,"column":3}},"loc":{"start":{"line":148,"column":27},"end":{"line":206,"column":3}},"line":148}},"branchMap":{"0":{"loc":{"start":{"line":12,"column":14},"end":{"line":12,"column":43}},"type":"default-arg","locations":[{"start":{"line":12,"column":26},"end":{"line":12,"column":43}}],"line":12},"1":{"loc":{"start":{"line":31,"column":6},"end":{"line":33,"column":7}},"type":"if","locations":[{"start":{"line":31,"column":6},"end":{"line":33,"column":7}},{"start":{},"end":{}}],"line":31},"2":{"loc":{"start":{"line":42,"column":6},"end":{"line":45,"column":7}},"type":"if","locations":[{"start":{"line":42,"column":6},"end":{"line":45,"column":7}},{"start":{},"end":{}}],"line":42},"3":{"loc":{"start":{"line":66,"column":4},"end":{"line":68,"column":5}},"type":"if","locations":[{"start":{"line":66,"column":4},"end":{"line":68,"column":5}},{"start":{},"end":{}}],"line":66},"4":{"loc":{"start":{"line":74,"column":4},"end":{"line":77,"column":5}},"type":"if","locations":[{"start":{"line":74,"column":4},"end":{"line":77,"column":5}},{"start":{},"end":{}}],"line":74},"5":{"loc":{"start":{"line":93,"column":6},"end":{"line":95,"column":7}},"type":"if","locations":[{"start":{"line":93,"column":6},"end":{"line":95,"column":7}},{"start":{},"end":{}}],"line":93},"6":{"loc":{"start":{"line":98,"column":6},"end":{"line":100,"column":7}},"type":"if","locations":[{"start":{"line":98,"column":6},"end":{"line":100,"column":7}},{"start":{},"end":{}}],"line":98},"7":{"loc":{"start":{"line":114,"column":30},"end":{"line":114,"column":85}},"type":"cond-expr","locations":[{"start":{"line":114,"column":57},"end":{"line":114,"column":70}},{"start":{"line":114,"column":73},"end":{"line":114,"column":85}}],"line":114},"8":{"loc":{"start":{"line":117,"column":6},"end":{"line":119,"column":7}},"type":"if","locations":[{"start":{"line":117,"column":6},"end":{"line":119,"column":7}},{"start":{},"end":{}}],"line":117},"9":{"loc":{"start":{"line":123,"column":8},"end":{"line":125,"column":9}},"type":"if","locations":[{"start":{"line":123,"column":8},"end":{"line":125,"column":9}},{"start":{},"end":{}}],"line":123},"10":{"loc":{"start":{"line":123,"column":12},"end":{"line":123,"column":63}},"type":"binary-expr","locations":[{"start":{"line":123,"column":12},"end":{"line":123,"column":33}},{"start":{"line":123,"column":37},"end":{"line":123,"column":63}}],"line":123},"11":{"loc":{"start":{"line":130,"column":8},"end":{"line":132,"column":9}},"type":"if","locations":[{"start":{"line":130,"column":8},"end":{"line":132,"column":9}},{"start":{},"end":{}}],"line":130},"12":{"loc":{"start":{"line":130,"column":12},"end":{"line":130,"column":79}},"type":"binary-expr","locations":[{"start":{"line":130,"column":12},"end":{"line":130,"column":36}},{"start":{"line":130,"column":40},"end":{"line":130,"column":49}},{"start":{"line":130,"column":53},"end":{"line":130,"column":79}}],"line":130},"13":{"loc":{"start":{"line":158,"column":6},"end":{"line":160,"column":7}},"type":"if","locations":[{"start":{"line":158,"column":6},"end":{"line":160,"column":7}},{"start":{},"end":{}}],"line":158},"14":{"loc":{"start":{"line":158,"column":10},"end":{"line":158,"column":45}},"type":"binary-expr","locations":[{"start":{"line":158,"column":10},"end":{"line":158,"column":30}},{"start":{"line":158,"column":34},"end":{"line":158,"column":45}}],"line":158},"15":{"loc":{"start":{"line":167,"column":6},"end":{"line":169,"column":7}},"type":"if","locations":[{"start":{"line":167,"column":6},"end":{"line":169,"column":7}},{"start":{},"end":{}}],"line":167},"16":{"loc":{"start":{"line":171,"column":6},"end":{"line":204,"column":7}},"type":"switch","locations":[{"start":{"line":172,"column":8},"end":{"line":174,"column":16}},{"start":{"line":176,"column":8},"end":{"line":184,"column":16}},{"start":{"line":186,"column":8},"end":{"line":194,"column":16}},{"start":{"line":196,"column":8},"end":{"line":203,"column":16}}],"line":171},"17":{"loc":{"start":{"line":177,"column":10},"end":{"line":183,"column":11}},"type":"if","locations":[{"start":{"line":177,"column":10},"end":{"line":183,"column":11}},{"start":{},"end":{}}],"line":177},"18":{"loc":{"start":{"line":187,"column":10},"end":{"line":193,"column":11}},"type":"if","locations":[{"start":{"line":187,"column":10},"end":{"line":193,"column":11}},{"start":{},"end":{}}],"line":187},"19":{"loc":{"start":{"line":197,"column":10},"end":{"line":202,"column":11}},"type":"if","locations":[{"start":{"line":197,"column":10},"end":{"line":202,"column":11}},{"start":{},"end":{}}],"line":197},"20":{"loc":{"start":{"line":199,"column":12},"end":{"line":201,"column":13}},"type":"if","locations":[{"start":{"line":199,"column":12},"end":{"line":201,"column":13}},{"start":{},"end":{}}],"line":199}},"s":{"0":1,"1":1,"2":7,"3":7,"4":7,"5":7,"6":7,"7":6,"8":6,"9":6,"10":6,"11":0,"12":6,"13":4,"14":4,"15":4,"16":2,"17":2,"18":1,"19":1,"20":0,"21":1,"22":1,"23":1,"24":1,"25":0,"26":0,"27":0,"28":1,"29":4,"30":4,"31":4,"32":4,"33":1,"34":4,"35":1,"36":3,"37":3,"38":6,"39":3,"40":6,"41":3,"42":3,"43":0,"44":3,"45":5,"46":1,"47":2,"48":2,"49":1,"50":1,"51":0,"52":4,"53":4,"54":4,"55":4,"56":4,"57":23,"58":23,"59":9,"60":14,"61":14,"62":14,"63":0,"64":14,"65":5,"66":5,"67":5,"68":5,"69":5,"70":2,"71":2,"72":2,"73":2,"74":2,"75":2,"76":2,"77":2,"78":1},"f":{"0":7,"1":6,"2":1,"3":1,"4":0,"5":4,"6":6,"7":6,"8":4},"b":{"0":[6],"1":[0,6],"2":[4,0],"3":[0,1],"4":[0,1],"5":[1,3],"6":[1,3],"7":[0,3],"8":[0,3],"9":[1,4],"10":[5,2],"11":[1,1],"12":[2,2,2],"13":[9,14],"14":[23,23],"15":[0,14],"16":[5,5,2,2],"17":[5,0],"18":[2,0],"19":[2,0],"20":[2,0]},"_coverageSchema":"1a1c01bbd47fc00a2c39e90264f33305004495a9","hash":"3f78cdf4ae0a49c13727e3cac1f8d5490d9aaa8b"}
,"C:\\Users\\User\\ProxyEthica\\src\\utils\\RotatingProxyList.js": {"path":"C:\\Users\\User\\ProxyEthica\\src\\utils\\RotatingProxyList.js","statementMap":{"0":{"start":{"line":8,"column":4},"end":{"line":8,"column":41}},"1":{"start":{"line":9,"column":4},"end":{"line":9,"column":26}},"2":{"start":{"line":10,"column":4},"end":{"line":10,"column":69}},"3":{"start":{"line":11,"column":4},"end":{"line":11,"column":59}},"4":{"start":{"line":12,"column":4},"end":{"line":12,"column":34}},"5":{"start":{"line":14,"column":4},"end":{"line":16,"column":5}},"6":{"start":{"line":15,"column":6},"end":{"line":15,"column":30}},"7":{"start":{"line":24,"column":4},"end":{"line":26,"column":5}},"8":{"start":{"line":25,"column":6},"end":{"line":25,"column":18}},"9":{"start":{"line":28,"column":4},"end":{"line":28,"column":43}},"10":{"start":{"line":36,"column":4},"end":{"line":38,"column":5}},"11":{"start":{"line":37,"column":6},"end":{"line":37,"column":18}},"12":{"start":{"line":40,"column":4},"end":{"line":45,"column":5}},"13":{"start":{"line":41,"column":6},"end":{"line":41,"column":74}},"14":{"start":{"line":44,"column":6},"end":{"line":44,"column":72}},"15":{"start":{"line":47,"column":4},"end":{"line":47,"column":29}},"16":{"start":{"line":55,"column":4},"end":{"line":55,"column":29}},"17":{"start":{"line":64,"column":15},"end":{"line":64,"column":71}},"18":{"start":{"line":65,"column":26},"end":{"line":65,"column":45}},"19":{"start":{"line":67,"column":4},"end":{"line":67,"column":57}},"20":{"start":{"line":67,"column":44},"end":{"line":67,"column":55}},"21":{"start":{"line":69,"column":4},"end":{"line":71,"column":5}},"22":{"start":{"line":70,"column":6},"end":{"line":70,"column":28}},"23":{"start":{"line":73,"column":4},"end":{"line":73,"column":47}},"24":{"start":{"line":81,"column":4},"end":{"line":81,"column":33}},"25":{"start":{"line":82,"column":4},"end":{"line":82,"column":26}},"26":{"start":{"line":90,"column":4},"end":{"line":101,"column":5}},"27":{"start":{"line":91,"column":6},"end":{"line":100,"column":31}},"28":{"start":{"line":92,"column":8},"end":{"line":99,"column":13}},"29":{"start":{"line":94,"column":12},"end":{"line":94,"column":37}},"30":{"start":{"line":95,"column":12},"end":{"line":95,"column":42}},"31":{"start":{"line":98,"column":12},"end":{"line":98,"column":66}},"32":{"start":{"line":108,"column":4},"end":{"line":111,"column":5}},"33":{"start":{"line":109,"column":6},"end":{"line":109,"column":39}},"34":{"start":{"line":110,"column":6},"end":{"line":110,"column":31}},"35":{"start":{"line":119,"column":4},"end":{"line":119,"column":36}},"36":{"start":{"line":121,"column":4},"end":{"line":123,"column":5}},"37":{"start":{"line":122,"column":6},"end":{"line":122,"column":30}},"38":{"start":{"line":127,"column":0},"end":{"line":127,"column":35}}},"fnMap":{"0":{"name":"(anonymous_0)","decl":{"start":{"line":7,"column":2},"end":{"line":7,"column":3}},"loc":{"start":{"line":7,"column":28},"end":{"line":17,"column":3}},"line":7},"1":{"name":"(anonymous_1)","decl":{"start":{"line":23,"column":2},"end":{"line":23,"column":3}},"loc":{"start":{"line":23,"column":15},"end":{"line":29,"column":3}},"line":23},"2":{"name":"(anonymous_2)","decl":{"start":{"line":35,"column":2},"end":{"line":35,"column":3}},"loc":{"start":{"line":35,"column":11},"end":{"line":48,"column":3}},"line":35},"3":{"name":"(anonymous_3)","decl":{"start":{"line":54,"column":2},"end":{"line":54,"column":3}},"loc":{"start":{"line":54,"column":18},"end":{"line":56,"column":3}},"line":54},"4":{"name":"(anonymous_4)","decl":{"start":{"line":63,"column":2},"end":{"line":63,"column":3}},"loc":{"start":{"line":63,"column":25},"end":{"line":74,"column":3}},"line":63},"5":{"name":"(anonymous_5)","decl":{"start":{"line":67,"column":39},"end":{"line":67,"column":40}},"loc":{"start":{"line":67,"column":44},"end":{"line":67,"column":55}},"line":67},"6":{"name":"(anonymous_6)","decl":{"start":{"line":80,"column":2},"end":{"line":80,"column":3}},"loc":{"start":{"line":80,"column":22},"end":{"line":83,"column":3}},"line":80},"7":{"name":"(anonymous_7)","decl":{"start":{"line":89,"column":2},"end":{"line":89,"column":3}},"loc":{"start":{"line":89,"column":21},"end":{"line":102,"column":3}},"line":89},"8":{"name":"(anonymous_8)","decl":{"start":{"line":91,"column":38},"end":{"line":91,"column":39}},"loc":{"start":{"line":91,"column":44},"end":{"line":100,"column":7}},"line":91},"9":{"name":"(anonymous_9)","decl":{"start":{"line":93,"column":16},"end":{"line":93,"column":17}},"loc":{"start":{"line":93,"column":27},"end":{"line":96,"column":11}},"line":93},"10":{"name":"(anonymous_10)","decl":{"start":{"line":97,"column":17},"end":{"line":97,"column":18}},"loc":{"start":{"line":97,"column":26},"end":{"line":99,"column":11}},"line":97},"11":{"name":"(anonymous_11)","decl":{"start":{"line":107,"column":2},"end":{"line":107,"column":3}},"loc":{"start":{"line":107,"column":20},"end":{"line":112,"column":3}},"line":107},"12":{"name":"(anonymous_12)","decl":{"start":{"line":118,"column":2},"end":{"line":118,"column":3}},"loc":{"start":{"line":118,"column":31},"end":{"line":124,"column":3}},"line":118}},"branchMap":{"0":{"loc":{"start":{"line":7,"column":14},"end":{"line":7,"column":26}},"type":"default-arg","locations":[{"start":{"line":7,"column":24},"end":{"line":7,"column":26}}],"line":7},"1":{"loc":{"start":{"line":8,"column":19},"end":{"line":8,"column":40}},"type":"binary-expr","locations":[{"start":{"line":8,"column":19},"end":{"line":8,"column":34}},{"start":{"line":8,"column":38},"end":{"line":8,"column":40}}],"line":8},"2":{"loc":{"start":{"line":10,"column":28},"end":{"line":10,"column":68}},"type":"binary-expr","locations":[{"start":{"line":10,"column":28},"end":{"line":10,"column":52}},{"start":{"line":10,"column":56},"end":{"line":10,"column":68}}],"line":10},"3":{"loc":{"start":{"line":11,"column":27},"end":{"line":11,"column":58}},"type":"binary-expr","locations":[{"start":{"line":11,"column":27},"end":{"line":11,"column":50}},{"start":{"line":11,"column":54},"end":{"line":11,"column":58}}],"line":11},"4":{"loc":{"start":{"line":14,"column":4},"end":{"line":16,"column":5}},"type":"if","locations":[{"start":{"line":14,"column":4},"end":{"line":16,"column":5}},{"start":{},"end":{}}],"line":14},"5":{"loc":{"start":{"line":24,"column":4},"end":{"line":26,"column":5}},"type":"if","locations":[{"start":{"line":24,"column":4},"end":{"line":26,"column":5}},{"start":{},"end":{}}],"line":24},"6":{"loc":{"start":{"line":36,"column":4},"end":{"line":38,"column":5}},"type":"if","locations":[{"start":{"line":36,"column":4},"end":{"line":38,"column":5}},{"start":{},"end":{}}],"line":36},"7":{"loc":{"start":{"line":40,"column":4},"end":{"line":45,"column":5}},"type":"if","locations":[{"start":{"line":40,"column":4},"end":{"line":45,"column":5}},{"start":{"line":42,"column":11},"end":{"line":45,"column":5}}],"line":40},"8":{"loc":{"start":{"line":64,"column":15},"end":{"line":64,"column":71}},"type":"cond-expr","locations":[{"start":{"line":64,"column":47},"end":{"line":64,"column":56}},{"start":{"line":64,"column":59},"end":{"line":64,"column":71}}],"line":64},"9":{"loc":{"start":{"line":69,"column":4},"end":{"line":71,"column":5}},"type":"if","locations":[{"start":{"line":69,"column":4},"end":{"line":71,"column":5}},{"start":{},"end":{}}],"line":69},"10":{"loc":{"start":{"line":69,"column":8},"end":{"line":69,"column":87}},"type":"binary-expr","locations":[{"start":{"line":69,"column":8},"end":{"line":69,"column":43}},{"start":{"line":69,"column":47},"end":{"line":69,"column":87}}],"line":69},"11":{"loc":{"start":{"line":81,"column":19},"end":{"line":81,"column":32}},"type":"binary-expr","locations":[{"start":{"line":81,"column":19},"end":{"line":81,"column":26}},{"start":{"line":81,"column":30},"end":{"line":81,"column":32}}],"line":81},"12":{"loc":{"start":{"line":90,"column":4},"end":{"line":101,"column":5}},"type":"if","locations":[{"start":{"line":90,"column":4},"end":{"line":101,"column":5}},{"start":{},"end":{}}],"line":90},"13":{"loc":{"start":{"line":90,"column":8},"end":{"line":90,"column":74}},"type":"binary-expr","locations":[{"start":{"line":90,"column":8},"end":{"line":90,"column":28}},{"start":{"line":90,"column":32},"end":{"line":90,"column":74}}],"line":90},"14":{"loc":{"start":{"line":108,"column":4},"end":{"line":111,"column":5}},"type":"if","locations":[{"start":{"line":108,"column":4},"end":{"line":111,"column":5}},{"start":{},"end":{}}],"line":108},"15":{"loc":{"start":{"line":121,"column":4},"end":{"line":123,"column":5}},"type":"if","locations":[{"start":{"line":121,"column":4},"end":{"line":123,"column":5}},{"start":{},"end":{}}],"line":121},"16":{"loc":{"start":{"line":121,"column":8},"end":{"line":121,"column":50}},"type":"binary-expr","locations":[{"start":{"line":121,"column":8},"end":{"line":121,"column":28}},{"start":{"line":121,"column":32},"end":{"line":121,"column":50}}],"line":121}},"s":{"0":12,"1":12,"2":12,"3":12,"4":12,"5":12,"6":1,"7":6,"8":1,"9":5,"10":5,"11":1,"12":4,"13":1,"14":3,"15":4,"16":1,"17":1,"18":1,"19":1,"20":3,"21":1,"22":0,"23":1,"24":2,"25":2,"26":2,"27":1,"28":1,"29":1,"30":1,"31":0,"32":0,"33":0,"34":0,"35":1,"36":1,"37":1,"38":3},"f":{"0":12,"1":6,"2":5,"3":1,"4":1,"5":3,"6":2,"7":2,"8":1,"9":1,"10":0,"11":0,"12":1},"b":{"0":[1],"1":[12,1],"2":[12,11],"3":[12,11],"4":[1,11],"5":[1,5],"6":[1,4],"7":[1,3],"8":[1,0],"9":[0,1],"10":[1,1],"11":[2,0],"12":[1,1],"13":[2,2],"14":[0,0],"15":[1,0],"16":[1,1]},"_coverageSchema":"1a1c01bbd47fc00a2c39e90264f33305004495a9","hash":"5c654784949dc4e3dd45653f7ae8cbd0ba553c10"}
,"C:\\Users\\User\\ProxyEthica\\src\\utils\\bandwidthMonitor.js": {"path":"C:\\Users\\User\\ProxyEthica\\src\\utils\\bandwidthMonitor.js","statementMap":{},"fnMap":{},"branchMap":{},"s":{},"f":{},"b":{}}
,"C:\\Users\\User\\ProxyEthica\\src\\utils\\edgeCaseHandler.js": {"path":"C:\\Users\\User\\ProxyEthica\\src\\utils\\edgeCaseHandler.js","statementMap":{},"fnMap":{},"branchMap":{},"s":{},"f":{},"b":{}}
,"C:\\Users\\User\\ProxyEthica\\src\\utils\\errorBoundary.js": {"path":"C:\\Users\\User\\ProxyEthica\\src\\utils\\errorBoundary.js","statementMap":{},"fnMap":{},"branchMap":{},"s":{},"f":{},"b":{}}
,"C:\\Users\\User\\ProxyEthica\\src\\utils\\proxyUtils.js": {"path":"C:\\Users\\User\\ProxyEthica\\src\\utils\\proxyUtils.js","statementMap":{},"fnMap":{},"branchMap":{},"s":{},"f":{},"b":{},"_coverageSchema":"1a1c01bbd47fc00a2c39e90264f33305004495a9","hash":"2d15ad35e5a900b73f19daa925d047294e9ea350"}
,"C:\\Users\\User\\ProxyEthica\\src\\utils\\validator.js": {"path":"C:\\Users\\User\\ProxyEthica\\src\\utils\\validator.js","statementMap":{},"fnMap":{},"branchMap":{},"s":{},"f":{},"b":{}}
}
