TN:
SF:src\index.js
FN:30,(anonymous_0)
FN:35,(anonymous_1)
FNF:2
FNH:0
FNDA:0,(anonymous_0)
FNDA:0,(anonymous_1)
DA:6,0
DA:7,0
DA:10,0
DA:13,0
DA:15,0
DA:17,0
DA:18,0
DA:20,0
DA:21,0
DA:24,0
DA:26,0
DA:27,0
DA:29,0
DA:31,0
DA:32,0
DA:33,0
DA:36,0
DA:37,0
DA:40,0
DA:41,0
DA:44,0
DA:45,0
LF:22
LH:0
BRDA:13,0,0,0
BRDA:13,0,1,0
BRDA:15,1,0,0
BRDA:15,1,1,0
BRDA:18,2,0,0
BRDA:18,2,1,0
BRDA:26,3,0,0
BRDA:26,3,1,0
BRF:8
BRH:0
end_of_record
TN:
SF:src\api\contributorOnboarding.js
FNF:0
FNH:0
LF:0
LH:0
BRF:0
BRH:0
end_of_record
TN:
SF:src\api\pricing.js
FNF:0
FNH:0
LF:0
LH:0
BRF:0
BRH:0
end_of_record
TN:
SF:src\api\swagger.js
FNF:0
FNH:0
LF:0
LH:0
BRF:0
BRH:0
end_of_record
TN:
SF:src\api\routes\servers.js
FNF:0
FNH:0
LF:0
LH:0
BRF:0
BRH:0
end_of_record
TN:
SF:src\cli\developer-dashboard.js
FNF:0
FNH:0
LF:0
LH:0
BRF:0
BRH:0
end_of_record
TN:
SF:src\cli\user-dashboard.js
FNF:0
FNH:0
LF:0
LH:0
BRF:0
BRH:0
end_of_record
TN:
SF:src\client\ProxyAPIClient.js
FN:16,(anonymous_0)
FN:34,(anonymous_1)
FN:48,(anonymous_2)
FN:60,(anonymous_3)
FN:77,(anonymous_4)
FN:95,(anonymous_5)
FN:164,(anonymous_6)
FN:188,(anonymous_7)
FN:205,(anonymous_8)
FN:210,(anonymous_9)
FN:229,(anonymous_10)
FN:239,(anonymous_11)
FN:250,(anonymous_12)
FN:258,(anonymous_13)
FN:271,(anonymous_14)
FN:283,(anonymous_15)
FN:318,(anonymous_16)
FN:352,(anonymous_17)
FN:358,(anonymous_18)
FN:367,(anonymous_19)
FN:378,(anonymous_20)
FN:389,(anonymous_21)
FNF:22
FNH:12
FNDA:11,(anonymous_0)
FNDA:4,(anonymous_1)
FNDA:0,(anonymous_2)
FNDA:10,(anonymous_3)
FNDA:8,(anonymous_4)
FNDA:0,(anonymous_5)
FNDA:1,(anonymous_6)
FNDA:5,(anonymous_7)
FNDA:7,(anonymous_8)
FNDA:0,(anonymous_9)
FNDA:5,(anonymous_10)
FNDA:0,(anonymous_11)
FNDA:0,(anonymous_12)
FNDA:2,(anonymous_13)
FNDA:1,(anonymous_14)
FNDA:1,(anonymous_15)
FNDA:1,(anonymous_16)
FNDA:0,(anonymous_17)
FNDA:0,(anonymous_18)
FNDA:0,(anonymous_19)
FNDA:0,(anonymous_20)
FNDA:0,(anonymous_21)
DA:6,2
DA:7,2
DA:8,2
DA:9,2
DA:10,2
DA:11,2
DA:12,2
DA:13,2
DA:17,11
DA:22,11
DA:23,11
DA:24,11
DA:25,11
DA:26,11
DA:35,4
DA:36,4
DA:37,3
DA:39,1
DA:49,0
DA:50,0
DA:53,0
DA:61,10
DA:62,10
DA:68,10
DA:79,8
DA:81,8
DA:82,8
DA:85,8
DA:87,8
DA:88,0
DA:92,8
DA:95,0
DA:99,8
DA:100,9
DA:102,9
DA:105,9
DA:106,9
DA:107,9
DA:110,9
DA:116,9
DA:122,9
DA:133,5
DA:140,5
DA:146,5
DA:147,5
DA:148,0
DA:151,5
DA:154,4
DA:155,1
DA:156,1
DA:157,1
DA:160,1
DA:164,1
DA:165,1
DA:170,3
DA:174,8
DA:177,8
DA:178,1
DA:189,5
DA:190,5
DA:191,5
DA:192,5
DA:193,2
DA:195,3
DA:197,0
DA:208,7
DA:210,0
DA:211,0
DA:214,0
DA:215,0
DA:218,0
DA:222,7
DA:232,5
DA:242,0
DA:243,0
DA:251,0
DA:260,2
DA:261,2
DA:262,2
DA:263,2
DA:264,2
DA:272,1
DA:273,1
DA:274,1
DA:284,1
DA:285,1
DA:286,1
DA:289,1
DA:290,3
DA:292,3
DA:293,3
DA:296,2
DA:298,2
DA:300,2
DA:302,1
DA:303,1
DA:309,0
DA:319,1
DA:321,1
DA:323,1
DA:326,1
DA:327,1
DA:330,1
DA:332,1
DA:334,1
DA:337,1
DA:339,1
DA:342,1
DA:347,0
DA:353,0
DA:355,0
DA:358,0
DA:361,0
DA:362,0
DA:368,0
DA:369,0
DA:370,0
DA:372,0
DA:381,0
DA:382,0
DA:383,0
DA:385,0
DA:388,0
DA:389,0
DA:393,0
DA:397,2
LF:126
LH:93
BRDA:16,0,0,0
BRDA:49,1,0,0
BRDA:49,1,1,0
BRDA:77,2,0,2
BRDA:79,3,0,8
BRDA:79,3,1,8
BRDA:87,4,0,0
BRDA:87,4,1,8
BRDA:93,5,0,8
BRDA:93,5,1,7
BRDA:93,5,2,1
BRDA:94,6,0,8
BRDA:94,6,1,8
BRDA:94,6,2,1
BRDA:95,7,0,8
BRDA:95,7,1,8
BRDA:95,7,2,1
BRDA:105,8,0,9
BRDA:105,8,1,9
BRDA:106,9,0,9
BRDA:106,9,1,9
BRDA:107,10,0,9
BRDA:107,10,1,9
BRDA:110,11,0,9
BRDA:110,11,1,0
BRDA:111,12,0,0
BRDA:111,12,1,0
BRDA:133,13,0,5
BRDA:133,13,1,0
BRDA:134,14,0,0
BRDA:134,14,1,5
BRDA:147,15,0,0
BRDA:147,15,1,5
BRDA:154,16,0,1
BRDA:154,16,1,3
BRDA:154,17,0,4
BRDA:154,17,1,2
BRDA:155,18,0,1
BRDA:155,18,1,0
BRDA:160,19,0,1
BRDA:160,19,1,0
BRDA:177,20,0,1
BRDA:177,20,1,7
BRDA:189,21,0,0
BRDA:189,21,1,5
BRDA:192,22,0,2
BRDA:192,22,1,3
BRDA:192,23,0,5
BRDA:192,23,1,3
BRDA:208,24,0,0
BRDA:208,24,1,7
BRDA:214,25,0,0
BRDA:214,25,1,0
BRDA:272,26,0,0
BRDA:272,26,1,1
BRDA:283,27,0,1
BRDA:293,28,0,1
BRDA:293,28,1,2
BRDA:318,29,0,1
BRDA:326,30,0,1
BRDA:326,30,1,0
BRDA:326,31,0,1
BRDA:326,31,1,1
BRDA:352,32,0,0
BRDA:368,33,0,0
BRDA:368,33,1,0
BRDA:378,34,0,0
BRF:67
BRH:45
end_of_record
TN:
SF:src\client\dashboard.js
FN:7,(anonymous_0)
FN:25,(anonymous_1)
FN:95,(anonymous_2)
FN:97,(anonymous_3)
FN:111,(anonymous_4)
FN:116,(anonymous_5)
FN:124,(anonymous_6)
FN:125,(anonymous_7)
FN:126,(anonymous_8)
FN:127,(anonymous_9)
FN:130,(anonymous_10)
FN:145,(anonymous_11)
FN:150,(anonymous_12)
FN:168,(anonymous_13)
FN:190,(anonymous_14)
FN:192,(anonymous_15)
FN:195,(anonymous_16)
FN:212,validateServerForm
FN:236,isValidUrl
FN:246,handleServerAddition
FNF:20
FNH:0
FNDA:0,(anonymous_0)
FNDA:0,(anonymous_1)
FNDA:0,(anonymous_2)
FNDA:0,(anonymous_3)
FNDA:0,(anonymous_4)
FNDA:0,(anonymous_5)
FNDA:0,(anonymous_6)
FNDA:0,(anonymous_7)
FNDA:0,(anonymous_8)
FNDA:0,(anonymous_9)
FNDA:0,(anonymous_10)
FNDA:0,(anonymous_11)
FNDA:0,(anonymous_12)
FNDA:0,(anonymous_13)
FNDA:0,(anonymous_14)
FNDA:0,(anonymous_15)
FNDA:0,(anonymous_16)
FNDA:0,validateServerForm
FNDA:0,isValidUrl
FNDA:0,handleServerAddition
DA:8,0
DA:9,0
DA:10,0
DA:12,0
DA:13,0
DA:16,0
DA:17,0
DA:20,0
DA:21,0
DA:22,0
DA:26,0
DA:81,0
DA:97,0
DA:98,0
DA:99,0
DA:101,0
DA:102,0
DA:103,0
DA:105,0
DA:107,0
DA:111,0
DA:112,0
DA:116,0
DA:117,0
DA:118,0
DA:119,0
DA:124,0
DA:125,0
DA:126,0
DA:127,0
DA:132,0
DA:133,0
DA:134,0
DA:141,0
DA:144,0
DA:145,0
DA:146,0
DA:150,0
DA:151,0
DA:152,0
DA:154,0
DA:155,0
DA:156,0
DA:157,0
DA:160,0
DA:163,0
DA:170,0
DA:171,0
DA:174,0
DA:175,0
DA:178,0
DA:179,0
DA:180,0
DA:183,0
DA:184,0
DA:187,0
DA:192,0
DA:196,0
DA:197,0
DA:199,0
DA:205,0
DA:206,0
DA:208,0
DA:213,0
DA:215,0
DA:216,0
DA:219,0
DA:220,0
DA:221,0
DA:222,0
DA:225,0
DA:226,0
DA:229,0
DA:237,0
DA:238,0
DA:239,0
DA:241,0
DA:248,0
DA:250,0
DA:251,0
DA:260,0
LF:81
LH:0
BRDA:12,0,0,0
BRDA:12,0,1,0
BRDA:16,1,0,0
BRDA:16,1,1,0
BRDA:30,2,0,0
BRDA:30,2,1,0
BRDA:31,3,0,0
BRDA:31,3,1,0
BRDA:49,4,0,0
BRDA:49,4,1,0
BRDA:52,5,0,0
BRDA:52,5,1,0
BRDA:55,6,0,0
BRDA:55,6,1,0
BRDA:62,7,0,0
BRDA:62,7,1,0
BRDA:63,8,0,0
BRDA:63,8,1,0
BRDA:75,9,0,0
BRDA:75,9,1,0
BRDA:98,10,0,0
BRDA:98,10,1,0
BRDA:101,11,0,0
BRDA:101,11,1,0
BRDA:117,12,0,0
BRDA:117,12,1,0
BRDA:151,13,0,0
BRDA:151,13,1,0
BRDA:154,14,0,0
BRDA:154,14,1,0
BRDA:156,15,0,0
BRDA:156,15,1,0
BRDA:170,16,0,0
BRDA:170,16,1,0
BRDA:171,17,0,0
BRDA:171,17,1,0
BRDA:178,18,0,0
BRDA:178,18,1,0
BRDA:179,19,0,0
BRDA:179,19,1,0
BRDA:180,20,0,0
BRDA:180,20,1,0
BRDA:183,21,0,0
BRDA:183,21,1,0
BRDA:184,22,0,0
BRDA:184,22,1,0
BRDA:196,23,0,0
BRDA:196,23,1,0
BRDA:205,24,0,0
BRDA:205,24,1,0
BRDA:205,25,0,0
BRDA:205,25,1,0
BRDA:215,26,0,0
BRDA:215,26,1,0
BRDA:215,27,0,0
BRDA:215,27,1,0
BRDA:219,28,0,0
BRDA:219,28,1,0
BRDA:219,29,0,0
BRDA:219,29,1,0
BRDA:221,30,0,0
BRDA:221,30,1,0
BRDA:225,31,0,0
BRDA:225,31,1,0
BRDA:250,32,0,0
BRDA:250,32,1,0
BRF:66
BRH:0
end_of_record
TN:
SF:src\config\config.js
FNF:0
FNH:0
LF:0
LH:0
BRF:0
BRH:0
end_of_record
TN:
SF:src\config\development.js
FNF:0
FNH:0
LF:0
LH:0
BRF:0
BRH:0
end_of_record
TN:
SF:src\config\index.js
FNF:0
FNH:0
LF:0
LH:0
BRF:0
BRH:0
end_of_record
TN:
SF:src\config\production.js
FNF:0
FNH:0
LF:0
LH:0
BRF:0
BRH:0
end_of_record
TN:
SF:src\config\proxyConfig.js
FNF:0
FNH:0
DA:9,8
DA:12,8
DA:44,8
DA:45,1
DA:46,7
DA:48,1
DA:51,8
LF:7
LH:7
BRDA:13,0,0,8
BRDA:13,0,1,7
BRDA:17,1,0,8
BRDA:17,1,1,7
BRDA:18,2,0,8
BRDA:18,2,1,8
BRDA:19,3,0,8
BRDA:19,3,1,6
BRDA:22,4,0,8
BRDA:22,4,1,8
BRDA:23,5,0,8
BRDA:23,5,1,8
BRDA:24,6,0,8
BRDA:24,6,1,8
BRDA:29,7,0,8
BRDA:29,7,1,8
BRDA:30,8,0,8
BRDA:30,8,1,8
BRDA:33,9,0,8
BRDA:33,9,1,8
BRDA:34,10,0,8
BRDA:34,10,1,8
BRDA:39,11,0,8
BRDA:39,11,1,8
BRDA:44,12,0,1
BRDA:44,12,1,7
BRDA:46,13,0,1
BRDA:46,13,1,6
BRDA:48,14,0,1
BRDA:48,14,1,1
BRF:30
BRH:30
end_of_record
TN:
SF:src\middleware\proxyAuth.js
FN:16,(anonymous_0)
FNF:1
FNH:1
FNDA:5,(anonymous_0)
DA:8,2
DA:16,2
DA:18,5
DA:19,5
DA:20,2
DA:27,3
DA:29,3
DA:31,3
DA:32,3
DA:35,1
DA:36,1
DA:37,0
DA:44,1
DA:45,1
DA:47,2
DA:48,1
DA:54,1
DA:61,2
LF:18
LH:17
BRDA:19,0,0,2
BRDA:19,0,1,3
BRDA:19,1,0,5
BRDA:19,1,1,3
BRDA:31,2,0,3
BRDA:31,2,1,3
BRDA:36,3,0,0
BRDA:36,3,1,1
BRDA:36,4,0,1
BRDA:36,4,1,1
BRDA:47,5,0,1
BRDA:47,5,1,1
BRF:12
BRH:11
end_of_record
TN:
SF:src\middleware\rateLimiter.js
FN:17,(anonymous_0)
FNF:1
FNH:0
FNDA:0,(anonymous_0)
DA:9,2
DA:17,2
DA:18,0
DA:19,0
DA:20,0
DA:23,0
DA:24,0
DA:27,0
DA:28,0
DA:29,0
DA:30,0
DA:34,0
DA:35,0
DA:41,0
DA:42,0
DA:49,0
DA:50,0
DA:53,0
DA:54,0
DA:55,0
DA:58,0
DA:59,0
DA:66,0
DA:69,2
LF:24
LH:3
BRDA:27,0,0,0
BRDA:27,0,1,0
BRDA:27,1,0,0
BRDA:27,1,1,0
BRDA:29,2,0,0
BRDA:29,2,1,0
BRDA:29,3,0,0
BRDA:29,3,1,0
BRDA:35,4,0,0
BRDA:35,4,1,0
BRDA:41,5,0,0
BRDA:41,5,1,0
BRDA:58,6,0,0
BRDA:58,6,1,0
BRF:14
BRH:0
end_of_record
TN:
SF:src\models\Contributor.js
FN:13,(anonymous_0)
FN:39,(anonymous_1)
FN:52,(anonymous_2)
FN:60,(anonymous_3)
FN:69,(anonymous_4)
FNF:5
FNH:5
FNDA:6,(anonymous_0)
FNDA:5,(anonymous_1)
FNDA:2,(anonymous_2)
FNDA:2,(anonymous_3)
FNDA:1,(anonymous_4)
DA:22,6
DA:23,6
DA:24,6
DA:25,6
DA:26,6
DA:27,6
DA:28,6
DA:29,6
DA:30,6
DA:31,6
DA:32,6
DA:40,5
DA:41,0
DA:44,5
DA:45,5
DA:53,2
DA:61,2
DA:62,2
DA:70,1
DA:83,1
LF:20
LH:19
BRDA:16,0,0,4
BRDA:17,1,0,4
BRDA:18,2,0,2
BRDA:19,3,0,5
BRDA:20,4,0,5
BRDA:40,5,0,0
BRDA:40,5,1,5
BRDA:40,6,0,5
BRDA:40,6,1,5
BRF:9
BRH:8
end_of_record
TN:
SF:src\sdk\ProxyClientSDK.js
FN:14,(anonymous_0)
FN:56,(anonymous_1)
FN:96,(anonymous_2)
FN:140,(anonymous_3)
FN:159,(anonymous_4)
FN:204,(anonymous_5)
FN:233,(anonymous_6)
FN:265,(anonymous_7)
FN:293,(anonymous_8)
FN:305,(anonymous_9)
FN:316,(anonymous_10)
FN:332,(anonymous_11)
FN:339,(anonymous_12)
FN:353,(anonymous_13)
FN:354,(anonymous_14)
FN:374,(anonymous_15)
FN:375,(anonymous_16)
FN:382,(anonymous_17)
FN:393,(anonymous_18)
FN:407,(anonymous_19)
FN:429,(anonymous_20)
FNF:21
FNH:0
FNDA:0,(anonymous_0)
FNDA:0,(anonymous_1)
FNDA:0,(anonymous_2)
FNDA:0,(anonymous_3)
FNDA:0,(anonymous_4)
FNDA:0,(anonymous_5)
FNDA:0,(anonymous_6)
FNDA:0,(anonymous_7)
FNDA:0,(anonymous_8)
FNDA:0,(anonymous_9)
FNDA:0,(anonymous_10)
FNDA:0,(anonymous_11)
FNDA:0,(anonymous_12)
FNDA:0,(anonymous_13)
FNDA:0,(anonymous_14)
FNDA:0,(anonymous_15)
FNDA:0,(anonymous_16)
FNDA:0,(anonymous_17)
FNDA:0,(anonymous_18)
FNDA:0,(anonymous_19)
FNDA:0,(anonymous_20)
DA:7,0
DA:8,0
DA:9,0
DA:10,0
DA:11,0
DA:15,0
DA:17,0
DA:27,0
DA:30,0
DA:39,0
DA:40,0
DA:41,0
DA:42,0
DA:43,0
DA:44,0
DA:45,0
DA:46,0
DA:49,0
DA:57,0
DA:58,0
DA:61,0
DA:62,0
DA:67,0
DA:68,0
DA:72,0
DA:78,0
DA:79,0
DA:82,0
DA:84,0
DA:86,0
DA:87,0
DA:97,0
DA:109,0
DA:113,0
DA:116,0
DA:117,0
DA:120,0
DA:127,0
DA:128,0
DA:130,0
DA:133,0
DA:142,0
DA:145,0
DA:146,0
DA:152,0
DA:161,0
DA:162,0
DA:163,0
DA:166,0
DA:167,0
DA:168,0
DA:171,0
DA:173,0
DA:182,0
DA:183,0
DA:185,0
DA:191,0
DA:193,0
DA:195,0
DA:196,0
DA:205,0
DA:207,0
DA:213,0
DA:214,0
DA:220,0
DA:222,0
DA:224,0
DA:225,0
DA:234,0
DA:236,0
DA:237,0
DA:241,0
DA:246,0
DA:247,0
DA:249,0
DA:254,0
DA:256,0
DA:257,0
DA:267,0
DA:268,0
DA:271,0
DA:272,0
DA:278,0
DA:282,0
DA:294,0
DA:306,0
DA:307,0
DA:318,0
DA:337,0
DA:339,0
DA:340,0
DA:341,0
DA:345,0
DA:348,0
DA:352,0
DA:353,0
DA:354,0
DA:355,0
DA:356,0
DA:360,0
DA:364,0
DA:367,0
DA:375,0
DA:377,0
DA:378,0
DA:383,0
DA:394,0
DA:395,0
DA:396,0
DA:408,0
DA:409,0
DA:417,0
DA:419,0
DA:420,0
DA:430,0
DA:438,0
LF:116
LH:0
BRDA:14,0,0,0
BRDA:18,1,0,0
BRDA:18,1,1,0
BRDA:22,2,0,0
BRDA:22,2,1,0
BRDA:23,3,0,0
BRDA:23,3,1,0
BRDA:27,4,0,0
BRDA:27,4,1,0
BRDA:39,5,0,0
BRDA:39,5,1,0
BRDA:40,6,0,0
BRDA:40,6,1,0
BRDA:41,7,0,0
BRDA:41,7,1,0
BRDA:45,8,0,0
BRDA:45,8,1,0
BRDA:57,9,0,0
BRDA:57,9,1,0
BRDA:67,10,0,0
BRDA:67,10,1,0
BRDA:96,11,0,0
BRDA:98,12,0,0
BRDA:98,12,1,0
BRDA:99,13,0,0
BRDA:99,13,1,0
BRDA:100,14,0,0
BRDA:100,14,1,0
BRDA:102,15,0,0
BRDA:102,15,1,0
BRDA:103,16,0,0
BRDA:103,16,1,0
BRDA:113,17,0,0
BRDA:113,17,1,0
BRDA:127,18,0,0
BRDA:127,18,1,0
BRDA:142,19,0,0
BRDA:142,19,1,0
BRDA:161,20,0,0
BRDA:161,20,1,0
BRDA:166,21,0,0
BRDA:166,21,1,0
BRDA:236,22,0,0
BRDA:236,22,1,0
BRDA:271,23,0,0
BRDA:271,23,1,0
BRDA:306,24,0,0
BRDA:306,24,1,0
BRDA:306,25,0,0
BRDA:306,25,1,0
BRDA:319,26,0,0
BRDA:319,26,1,0
BRDA:320,27,0,0
BRDA:320,27,1,0
BRDA:321,28,0,0
BRDA:321,28,1,0
BRDA:322,29,0,0
BRDA:322,29,1,0
BRDA:323,30,0,0
BRDA:323,30,1,0
BRDA:337,31,0,0
BRDA:337,31,1,0
BRDA:337,32,0,0
BRDA:337,32,1,0
BRDA:352,33,0,0
BRDA:352,33,1,0
BRDA:352,34,0,0
BRDA:352,34,1,0
BRDA:377,35,0,0
BRDA:377,35,1,0
BRDA:394,36,0,0
BRDA:394,36,1,0
BRF:72
BRH:0
end_of_record
TN:
SF:src\server\ProxyNetworkServer.js
FN:26,(anonymous_0)
FN:93,(anonymous_1)
FN:98,(anonymous_2)
FN:100,(anonymous_3)
FN:115,(anonymous_4)
FN:120,(anonymous_5)
FN:122,(anonymous_6)
FN:127,(anonymous_7)
FN:132,(anonymous_8)
FN:157,(anonymous_9)
FN:162,(anonymous_10)
FN:181,(anonymous_11)
FN:190,(anonymous_12)
FN:198,(anonymous_13)
FN:202,(anonymous_14)
FN:219,(anonymous_15)
FN:257,(anonymous_16)
FN:259,(anonymous_17)
FN:274,(anonymous_18)
FN:279,(anonymous_19)
FN:291,(anonymous_20)
FN:301,(anonymous_21)
FN:306,(anonymous_22)
FN:335,(anonymous_23)
FN:360,(anonymous_24)
FN:365,(anonymous_25)
FN:385,(anonymous_26)
FN:422,(anonymous_27)
FN:441,(anonymous_28)
FN:451,(anonymous_29)
FN:534,(anonymous_30)
FN:569,(anonymous_31)
FN:570,(anonymous_32)
FN:597,(anonymous_33)
FN:627,(anonymous_34)
FN:637,(anonymous_35)
FN:639,(anonymous_36)
FN:651,(anonymous_37)
FN:656,(anonymous_38)
FN:666,(anonymous_39)
FN:681,(anonymous_40)
FN:683,(anonymous_41)
FN:696,(anonymous_42)
FN:710,(anonymous_43)
FN:725,(anonymous_44)
FN:767,(anonymous_45)
FN:785,(anonymous_46)
FN:799,(anonymous_47)
FN:800,(anonymous_48)
FN:810,(anonymous_49)
FN:838,(anonymous_50)
FNF:51
FNH:1
FNDA:6,(anonymous_0)
FNDA:0,(anonymous_1)
FNDA:0,(anonymous_2)
FNDA:0,(anonymous_3)
FNDA:0,(anonymous_4)
FNDA:0,(anonymous_5)
FNDA:0,(anonymous_6)
FNDA:0,(anonymous_7)
FNDA:0,(anonymous_8)
FNDA:0,(anonymous_9)
FNDA:0,(anonymous_10)
FNDA:0,(anonymous_11)
FNDA:0,(anonymous_12)
FNDA:0,(anonymous_13)
FNDA:0,(anonymous_14)
FNDA:0,(anonymous_15)
FNDA:0,(anonymous_16)
FNDA:0,(anonymous_17)
FNDA:0,(anonymous_18)
FNDA:0,(anonymous_19)
FNDA:0,(anonymous_20)
FNDA:0,(anonymous_21)
FNDA:0,(anonymous_22)
FNDA:0,(anonymous_23)
FNDA:0,(anonymous_24)
FNDA:0,(anonymous_25)
FNDA:0,(anonymous_26)
FNDA:0,(anonymous_27)
FNDA:0,(anonymous_28)
FNDA:0,(anonymous_29)
FNDA:0,(anonymous_30)
FNDA:0,(anonymous_31)
FNDA:0,(anonymous_32)
FNDA:0,(anonymous_33)
FNDA:0,(anonymous_34)
FNDA:0,(anonymous_35)
FNDA:0,(anonymous_36)
FNDA:0,(anonymous_37)
FNDA:0,(anonymous_38)
FNDA:0,(anonymous_39)
FNDA:0,(anonymous_40)
FNDA:0,(anonymous_41)
FNDA:0,(anonymous_42)
FNDA:0,(anonymous_43)
FNDA:0,(anonymous_44)
FNDA:0,(anonymous_45)
FNDA:0,(anonymous_46)
FNDA:0,(anonymous_47)
FNDA:0,(anonymous_48)
FNDA:0,(anonymous_49)
FNDA:0,(anonymous_50)
DA:7,1
DA:8,1
DA:9,1
DA:10,1
DA:11,1
DA:12,1
DA:13,1
DA:14,1
DA:17,1
DA:18,1
DA:21,1
DA:22,1
DA:23,1
DA:27,6
DA:38,6
DA:51,0
DA:54,0
DA:57,0
DA:60,0
DA:63,0
DA:64,0
DA:65,0
DA:68,0
DA:71,0
DA:72,0
DA:73,0
DA:76,0
DA:77,0
DA:80,0
DA:83,0
DA:84,0
DA:85,0
DA:86,0
DA:94,0
DA:95,0
DA:98,0
DA:99,0
DA:100,0
DA:101,0
DA:102,0
DA:103,0
DA:106,0
DA:116,0
DA:117,0
DA:120,0
DA:122,0
DA:123,0
DA:127,0
DA:128,0
DA:132,0
DA:133,0
DA:134,0
DA:135,0
DA:138,0
DA:140,0
DA:141,0
DA:144,0
DA:145,0
DA:148,0
DA:158,0
DA:159,0
DA:162,0
DA:163,0
DA:164,0
DA:165,0
DA:166,0
DA:167,0
DA:170,0
DA:171,0
DA:174,0
DA:178,0
DA:181,0
DA:182,0
DA:183,0
DA:190,0
DA:191,0
DA:194,0
DA:198,0
DA:199,0
DA:202,0
DA:203,0
DA:204,0
DA:208,0
DA:215,0
DA:219,0
DA:220,0
DA:221,0
DA:223,0
DA:224,0
DA:227,0
DA:233,0
DA:234,0
DA:235,0
DA:238,0
DA:239,0
DA:241,0
DA:242,0
DA:249,0
DA:259,0
DA:260,0
DA:268,0
DA:271,0
DA:274,0
DA:275,0
DA:279,0
DA:280,0
DA:292,0
DA:295,0
DA:298,0
DA:301,0
DA:302,0
DA:303,0
DA:306,0
DA:307,0
DA:308,0
DA:310,0
DA:311,0
DA:317,0
DA:322,0
DA:328,0
DA:335,0
DA:336,0
DA:337,0
DA:338,0
DA:340,0
DA:341,0
DA:347,0
DA:352,0
DA:360,0
DA:361,0
DA:362,0
DA:365,0
DA:366,0
DA:367,0
DA:368,0
DA:370,0
DA:372,0
DA:378,0
DA:385,0
DA:386,0
DA:387,0
DA:388,0
DA:390,0
DA:392,0
DA:393,0
DA:400,0
DA:401,0
DA:407,0
DA:409,0
DA:414,0
DA:422,0
DA:423,0
DA:424,0
DA:426,0
DA:434,0
DA:442,0
DA:445,0
DA:448,0
DA:451,0
DA:452,0
DA:453,0
DA:454,0
DA:456,0
DA:457,0
DA:465,0
DA:466,0
DA:467,0
DA:468,0
DA:473,0
DA:474,0
DA:481,0
DA:488,0
DA:500,0
DA:501,0
DA:502,0
DA:506,0
DA:512,0
DA:520,0
DA:521,0
DA:524,0
DA:526,0
DA:534,0
DA:535,0
DA:536,0
DA:537,0
DA:539,0
DA:540,0
DA:546,0
DA:548,0
DA:554,0
DA:562,0
DA:570,0
DA:572,0
DA:573,0
DA:576,0
DA:577,0
DA:578,0
DA:579,0
DA:581,0
DA:582,0
DA:586,0
DA:587,0
DA:591,0
DA:597,0
DA:598,0
DA:599,0
DA:602,0
DA:604,0
DA:608,0
DA:613,0
DA:619,0
DA:627,0
DA:639,0
DA:640,0
DA:642,0
DA:651,0
DA:652,0
DA:656,0
DA:657,0
DA:667,0
DA:682,0
DA:684,0
DA:691,0
DA:692,0
DA:696,0
DA:697,0
DA:698,0
DA:699,0
DA:702,0
DA:711,0
DA:712,0
DA:713,0
DA:714,0
DA:726,0
DA:727,0
DA:730,0
DA:731,0
DA:732,0
DA:736,0
DA:743,0
DA:746,0
DA:747,0
DA:748,0
DA:750,0
DA:753,0
DA:754,0
DA:755,0
DA:756,0
DA:757,0
DA:758,0
DA:768,0
DA:770,0
DA:771,0
DA:777,0
DA:786,0
DA:788,0
DA:789,0
DA:792,0
DA:800,0
DA:801,0
DA:802,0
DA:811,0
DA:812,0
DA:814,0
DA:815,0
DA:816,0
DA:818,0
DA:820,0
DA:821,0
DA:825,0
DA:826,0
DA:827,0
DA:829,0
DA:839,0
DA:840,0
DA:842,0
DA:843,0
DA:845,0
DA:846,0
DA:847,0
DA:853,1
LF:281
LH:16
BRDA:26,0,0,0
BRDA:28,1,0,6
BRDA:28,1,1,6
BRDA:28,1,2,6
BRDA:29,2,0,6
BRDA:29,2,1,0
BRDA:29,2,2,0
BRDA:30,3,0,6
BRDA:30,3,1,6
BRDA:31,4,0,6
BRDA:31,4,1,6
BRDA:32,5,0,6
BRDA:32,5,1,6
BRDA:33,6,0,6
BRDA:33,6,1,6
BRDA:94,7,0,0
BRDA:94,7,1,0
BRDA:116,8,0,0
BRDA:116,8,1,0
BRDA:133,9,0,0
BRDA:133,9,1,0
BRDA:144,10,0,0
BRDA:144,10,1,0
BRDA:164,11,0,0
BRDA:164,11,1,0
BRDA:170,12,0,0
BRDA:170,12,1,0
BRDA:203,13,0,0
BRDA:203,13,1,0
BRDA:223,14,0,0
BRDA:223,14,1,0
BRDA:227,15,0,0
BRDA:227,15,1,0
BRDA:233,16,0,0
BRDA:233,16,1,0
BRDA:241,17,0,0
BRDA:241,17,1,0
BRDA:310,18,0,0
BRDA:310,18,1,0
BRDA:310,19,0,0
BRDA:310,19,1,0
BRDA:319,20,0,0
BRDA:319,20,1,0
BRDA:340,21,0,0
BRDA:340,21,1,0
BRDA:368,22,0,0
BRDA:368,22,1,0
BRDA:392,23,0,0
BRDA:392,23,1,0
BRDA:400,24,0,0
BRDA:400,24,1,0
BRDA:456,25,0,0
BRDA:456,25,1,0
BRDA:465,26,0,0
BRDA:465,26,1,0
BRDA:467,27,0,0
BRDA:467,27,1,0
BRDA:473,28,0,0
BRDA:473,28,1,0
BRDA:492,29,0,0
BRDA:492,29,1,0
BRDA:493,30,0,0
BRDA:493,30,1,0
BRDA:495,31,0,0
BRDA:495,31,1,0
BRDA:500,32,0,0
BRDA:500,32,1,0
BRDA:500,33,0,0
BRDA:500,33,1,0
BRDA:501,34,0,0
BRDA:501,34,1,0
BRDA:520,35,0,0
BRDA:520,35,1,0
BRDA:539,36,0,0
BRDA:539,36,1,0
BRDA:602,37,0,0
BRDA:602,37,1,0
BRDA:644,38,0,0
BRDA:644,38,1,0
BRDA:684,39,0,0
BRDA:684,39,1,0
BRDA:684,39,2,0
BRDA:684,39,3,0
BRDA:684,39,4,0
BRDA:691,40,0,0
BRDA:691,40,1,0
BRDA:697,41,0,0
BRDA:697,41,1,0
BRDA:698,42,0,0
BRDA:698,42,1,0
BRDA:712,43,0,0
BRDA:712,43,1,0
BRDA:727,44,0,0
BRDA:727,44,1,0
BRDA:730,45,0,0
BRDA:730,45,1,0
BRDA:736,46,0,0
BRDA:736,46,1,0
BRDA:747,47,0,0
BRDA:747,47,1,0
BRDA:753,48,0,0
BRDA:753,48,1,0
BRDA:773,49,0,0
BRDA:773,49,1,0
BRDA:815,50,0,0
BRDA:815,50,1,0
BRDA:818,51,0,0
BRDA:818,51,1,0
BRDA:820,52,0,0
BRDA:820,52,1,0
BRDA:845,53,0,0
BRDA:845,53,1,0
BRF:112
BRH:12
end_of_record
TN:
SF:src\server\index.js
FN:18,(anonymous_0)
FN:21,(anonymous_1)
FN:27,(anonymous_2)
FN:30,(anonymous_3)
FN:34,(anonymous_4)
FNF:5
FNH:0
FNDA:0,(anonymous_0)
FNDA:0,(anonymous_1)
FNDA:0,(anonymous_2)
FNDA:0,(anonymous_3)
FNDA:0,(anonymous_4)
DA:7,0
DA:8,0
DA:11,0
DA:17,0
DA:19,0
DA:22,0
DA:23,0
DA:27,0
DA:28,0
DA:29,0
DA:31,0
DA:32,0
DA:35,0
DA:36,0
DA:41,0
DA:42,0
DA:44,0
LF:17
LH:0
BRDA:12,0,0,0
BRDA:12,0,1,0
BRDA:12,0,2,0
BRDA:13,1,0,0
BRDA:13,1,1,0
BRF:5
BRH:0
end_of_record
TN:
SF:src\server\public\js\app.js
FN:9,(anonymous_0)
FN:28,init
FN:38,(anonymous_2)
FN:45,setupEventListeners
FN:56,handleDocumentClick
FN:83,handleServerFormSubmit
FN:106,validateServerForm
FN:130,isValidUrl
FN:142,fetchServers
FN:144,(anonymous_9)
FN:145,(anonymous_10)
FN:149,(anonymous_11)
FN:156,fetchSessions
FN:158,(anonymous_13)
FN:159,(anonymous_14)
FN:163,(anonymous_15)
FN:169,fetchStats
FN:171,(anonymous_17)
FN:172,(anonymous_18)
FN:176,(anonymous_19)
FN:182,addServer
FN:190,(anonymous_21)
FN:191,(anonymous_22)
FN:200,(anonymous_23)
FN:207,deleteServer
FN:215,(anonymous_25)
FN:216,(anonymous_26)
FN:224,(anonymous_27)
FN:231,connectToServer
FN:235,(anonymous_29)
FN:236,(anonymous_30)
FN:244,(anonymous_31)
FN:251,closeSession
FN:255,(anonymous_33)
FN:256,(anonymous_34)
FN:264,(anonymous_35)
FN:273,renderServerList
FN:276,(anonymous_37)
FN:294,renderSessionsList
FN:297,(anonymous_39)
FN:315,renderStats
FN:338,formatBandwidth
FN:346,showAlert
FN:360,(anonymous_43)
FNF:44
FNH:0
FNDA:0,(anonymous_0)
FNDA:0,init
FNDA:0,(anonymous_2)
FNDA:0,setupEventListeners
FNDA:0,handleDocumentClick
FNDA:0,handleServerFormSubmit
FNDA:0,validateServerForm
FNDA:0,isValidUrl
FNDA:0,fetchServers
FNDA:0,(anonymous_9)
FNDA:0,(anonymous_10)
FNDA:0,(anonymous_11)
FNDA:0,fetchSessions
FNDA:0,(anonymous_13)
FNDA:0,(anonymous_14)
FNDA:0,(anonymous_15)
FNDA:0,fetchStats
FNDA:0,(anonymous_17)
FNDA:0,(anonymous_18)
FNDA:0,(anonymous_19)
FNDA:0,addServer
FNDA:0,(anonymous_21)
FNDA:0,(anonymous_22)
FNDA:0,(anonymous_23)
FNDA:0,deleteServer
FNDA:0,(anonymous_25)
FNDA:0,(anonymous_26)
FNDA:0,(anonymous_27)
FNDA:0,connectToServer
FNDA:0,(anonymous_29)
FNDA:0,(anonymous_30)
FNDA:0,(anonymous_31)
FNDA:0,closeSession
FNDA:0,(anonymous_33)
FNDA:0,(anonymous_34)
FNDA:0,(anonymous_35)
FNDA:0,renderServerList
FNDA:0,(anonymous_37)
FNDA:0,renderSessionsList
FNDA:0,(anonymous_39)
FNDA:0,renderStats
FNDA:0,formatBandwidth
FNDA:0,showAlert
FNDA:0,(anonymous_43)
DA:9,0
DA:11,0
DA:19,0
DA:30,0
DA:31,0
DA:32,0
DA:35,0
DA:38,0
DA:39,0
DA:40,0
DA:47,0
DA:48,0
DA:52,0
DA:58,0
DA:59,0
DA:60,0
DA:61,0
DA:66,0
DA:67,0
DA:68,0
DA:69,0
DA:74,0
DA:75,0
DA:76,0
DA:77,0
DA:84,0
DA:86,0
DA:87,0
DA:94,0
DA:96,0
DA:97,0
DA:98,0
DA:102,0
DA:107,0
DA:109,0
DA:110,0
DA:113,0
DA:114,0
DA:115,0
DA:116,0
DA:119,0
DA:120,0
DA:123,0
DA:131,0
DA:132,0
DA:133,0
DA:135,0
DA:143,0
DA:144,0
DA:146,0
DA:147,0
DA:150,0
DA:151,0
DA:157,0
DA:158,0
DA:160,0
DA:161,0
DA:164,0
DA:170,0
DA:171,0
DA:173,0
DA:174,0
DA:177,0
DA:183,0
DA:190,0
DA:192,0
DA:193,0
DA:194,0
DA:195,0
DA:197,0
DA:201,0
DA:202,0
DA:208,0
DA:209,0
DA:212,0
DA:215,0
DA:217,0
DA:218,0
DA:219,0
DA:221,0
DA:225,0
DA:226,0
DA:232,0
DA:235,0
DA:237,0
DA:238,0
DA:239,0
DA:241,0
DA:245,0
DA:246,0
DA:252,0
DA:255,0
DA:257,0
DA:258,0
DA:259,0
DA:261,0
DA:265,0
DA:266,0
DA:274,0
DA:276,0
DA:290,0
DA:295,0
DA:297,0
DA:311,0
DA:316,0
DA:318,0
DA:320,0
DA:334,0
DA:339,0
DA:340,0
DA:341,0
DA:342,0
DA:347,0
DA:349,0
DA:350,0
DA:357,0
DA:360,0
DA:361,0
DA:362,0
DA:363,0
DA:369,0
DA:370,0
DA:372,0
DA:376,0
LF:124
LH:0
BRDA:47,0,0,0
BRDA:47,0,1,0
BRDA:58,1,0,0
BRDA:58,1,1,0
BRDA:60,2,0,0
BRDA:60,2,1,0
BRDA:66,3,0,0
BRDA:66,3,1,0
BRDA:68,4,0,0
BRDA:68,4,1,0
BRDA:74,5,0,0
BRDA:74,5,1,0
BRDA:76,6,0,0
BRDA:76,6,1,0
BRDA:96,7,0,0
BRDA:96,7,1,0
BRDA:109,8,0,0
BRDA:109,8,1,0
BRDA:109,9,0,0
BRDA:109,9,1,0
BRDA:113,10,0,0
BRDA:113,10,1,0
BRDA:113,11,0,0
BRDA:113,11,1,0
BRDA:115,12,0,0
BRDA:115,12,1,0
BRDA:119,13,0,0
BRDA:119,13,1,0
BRDA:192,14,0,0
BRDA:192,14,1,0
BRDA:197,15,0,0
BRDA:197,15,1,0
BRDA:208,16,0,0
BRDA:208,16,1,0
BRDA:217,17,0,0
BRDA:217,17,1,0
BRDA:221,18,0,0
BRDA:221,18,1,0
BRDA:237,19,0,0
BRDA:237,19,1,0
BRDA:241,20,0,0
BRDA:241,20,1,0
BRDA:257,21,0,0
BRDA:257,21,1,0
BRDA:261,22,0,0
BRDA:261,22,1,0
BRDA:274,23,0,0
BRDA:274,23,1,0
BRDA:279,24,0,0
BRDA:279,24,1,0
BRDA:290,25,0,0
BRDA:290,25,1,0
BRDA:295,26,0,0
BRDA:295,26,1,0
BRDA:311,27,0,0
BRDA:311,27,1,0
BRDA:316,28,0,0
BRDA:316,28,1,0
BRDA:325,29,0,0
BRDA:325,29,1,0
BRDA:326,30,0,0
BRDA:326,30,1,0
BRDA:327,31,0,0
BRDA:327,31,1,0
BRDA:328,32,0,0
BRDA:328,32,1,0
BRDA:339,33,0,0
BRDA:339,33,1,0
BRDA:340,34,0,0
BRDA:340,34,1,0
BRDA:341,35,0,0
BRDA:341,35,1,0
BRDA:347,36,0,0
BRDA:347,36,1,0
BRDA:362,37,0,0
BRDA:362,37,1,0
BRDA:369,38,0,0
BRDA:369,38,1,0
BRF:78
BRH:0
end_of_record
TN:
SF:src\services\BillingService.js
FNF:0
FNH:0
LF:0
LH:0
BRF:0
BRH:0
end_of_record
TN:
SF:src\services\ConsentManager.js
FNF:0
FNH:0
LF:0
LH:0
BRF:0
BRH:0
end_of_record
TN:
SF:src\services\FallbackManager.js
FNF:0
FNH:0
LF:0
LH:0
BRF:0
BRH:0
end_of_record
TN:
SF:src\services\LoadBalancingService.js
FNF:0
FNH:0
LF:0
LH:0
BRF:0
BRH:0
end_of_record
TN:
SF:src\services\ProxyAPIClient.js
FNF:0
FNH:0
LF:0
LH:0
BRF:0
BRH:0
end_of_record
TN:
SF:src\services\ProxyConnectionService.js
FNF:0
FNH:0
LF:0
LH:0
BRF:0
BRH:0
end_of_record
TN:
SF:src\services\ProxyQualityManager.js
FN:9,(anonymous_0)
FN:22,(anonymous_1)
FN:41,(anonymous_2)
FN:60,(anonymous_3)
FN:68,(anonymous_4)
FN:77,(anonymous_5)
FN:94,(anonymous_6)
FN:112,(anonymous_7)
FN:132,(anonymous_8)
FN:155,(anonymous_9)
FN:169,(anonymous_10)
FN:172,(anonymous_11)
FN:182,(anonymous_12)
FNF:13
FNH:0
FNDA:0,(anonymous_0)
FNDA:0,(anonymous_1)
FNDA:0,(anonymous_2)
FNDA:0,(anonymous_3)
FNDA:0,(anonymous_4)
FNDA:0,(anonymous_5)
FNDA:0,(anonymous_6)
FNDA:0,(anonymous_7)
FNDA:0,(anonymous_8)
FNDA:0,(anonymous_9)
FNDA:0,(anonymous_10)
FNDA:0,(anonymous_11)
FNDA:0,(anonymous_12)
DA:10,0
DA:11,0
DA:12,0
DA:13,0
DA:14,0
DA:23,0
DA:24,0
DA:25,0
DA:26,0
DA:29,0
DA:30,0
DA:33,0
DA:42,0
DA:43,0
DA:44,0
DA:45,0
DA:48,0
DA:49,0
DA:52,0
DA:61,0
DA:69,0
DA:78,0
DA:80,0
DA:81,0
DA:82,0
DA:86,0
DA:95,0
DA:96,0
DA:99,0
DA:100,0
DA:103,0
DA:113,0
DA:114,0
DA:124,0
DA:133,0
DA:134,0
DA:136,0
DA:137,0
DA:140,0
DA:143,0
DA:145,0
DA:146,0
DA:156,0
DA:157,0
DA:158,0
DA:160,0
DA:170,0
DA:172,0
DA:173,0
DA:185,0
DA:186,0
DA:190,1
LF:52
LH:1
BRDA:9,0,0,0
BRDA:11,1,0,0
BRDA:11,1,1,0
BRDA:12,2,0,0
BRDA:12,2,1,0
BRDA:13,3,0,0
BRDA:13,3,1,0
BRDA:29,4,0,0
BRDA:29,4,1,0
BRDA:48,5,0,0
BRDA:48,5,1,0
BRDA:61,6,0,0
BRDA:61,6,1,0
BRDA:77,7,0,0
BRDA:81,8,0,0
BRDA:81,8,1,0
BRDA:96,9,0,0
BRDA:96,9,1,0
BRDA:96,10,0,0
BRDA:96,10,1,0
BRDA:113,11,0,0
BRDA:113,11,1,0
BRDA:134,12,0,0
BRDA:134,12,1,0
BRDA:170,13,0,0
BRDA:170,13,1,0
BRF:26
BRH:0
end_of_record
TN:
SF:src\services\ServerConnectionService.js
FN:12,(anonymous_0)
FN:34,(anonymous_1)
FN:63,(anonymous_2)
FN:136,(anonymous_3)
FN:156,(anonymous_4)
FN:185,(anonymous_5)
FN:233,(anonymous_6)
FN:259,(anonymous_7)
FN:317,(anonymous_8)
FN:330,(anonymous_9)
FN:332,(anonymous_10)
FN:333,(anonymous_11)
FN:347,(anonymous_12)
FNF:13
FNH:0
FNDA:0,(anonymous_0)
FNDA:0,(anonymous_1)
FNDA:0,(anonymous_2)
FNDA:0,(anonymous_3)
FNDA:0,(anonymous_4)
FNDA:0,(anonymous_5)
FNDA:0,(anonymous_6)
FNDA:0,(anonymous_7)
FNDA:0,(anonymous_8)
FNDA:0,(anonymous_9)
FNDA:0,(anonymous_10)
FNDA:0,(anonymous_11)
FNDA:0,(anonymous_12)
DA:8,1
DA:9,1
DA:13,0
DA:15,0
DA:16,0
DA:17,0
DA:18,0
DA:19,0
DA:20,0
DA:23,0
DA:24,0
DA:35,0
DA:36,0
DA:39,0
DA:53,0
DA:55,0
DA:64,0
DA:66,0
DA:67,0
DA:70,0
DA:71,0
DA:74,0
DA:76,0
DA:77,0
DA:80,0
DA:85,0
DA:86,0
DA:90,0
DA:100,0
DA:101,0
DA:102,0
DA:103,0
DA:106,0
DA:109,0
DA:111,0
DA:114,0
DA:121,0
DA:122,0
DA:125,0
DA:127,0
DA:138,0
DA:140,0
DA:141,0
DA:142,0
DA:143,0
DA:148,0
DA:157,0
DA:159,0
DA:160,0
DA:164,0
DA:165,0
DA:166,0
DA:167,0
DA:172,0
DA:173,0
DA:176,0
DA:178,0
DA:186,0
DA:188,0
DA:189,0
DA:190,0
DA:195,0
DA:197,0
DA:205,0
DA:206,0
DA:209,0
DA:211,0
DA:218,0
DA:219,0
DA:222,0
DA:226,0
DA:234,0
DA:236,0
DA:237,0
DA:249,0
DA:261,0
DA:263,0
DA:264,0
DA:267,0
DA:269,0
DA:272,0
DA:275,0
DA:288,0
DA:289,0
DA:291,0
DA:294,0
DA:296,0
DA:297,0
DA:300,0
DA:301,0
DA:302,0
DA:305,0
DA:309,0
DA:310,0
DA:316,0
DA:317,0
DA:319,0
DA:322,0
DA:332,0
DA:333,0
DA:334,0
DA:339,0
DA:340,0
DA:349,0
DA:350,0
DA:351,0
DA:355,0
DA:356,0
DA:360,0
DA:364,1
LF:110
LH:3
BRDA:12,0,0,0
BRDA:17,1,0,0
BRDA:17,1,1,0
BRDA:18,2,0,0
BRDA:18,2,1,0
BRDA:23,3,0,0
BRDA:23,3,1,0
BRDA:35,4,0,0
BRDA:35,4,1,0
BRDA:35,5,0,0
BRDA:35,5,1,0
BRDA:35,5,2,0
BRDA:42,6,0,0
BRDA:42,6,1,0
BRDA:44,7,0,0
BRDA:44,7,1,0
BRDA:45,8,0,0
BRDA:45,8,1,0
BRDA:46,9,0,0
BRDA:46,9,1,0
BRDA:66,10,0,0
BRDA:66,10,1,0
BRDA:70,11,0,0
BRDA:70,11,1,0
BRDA:85,12,0,0
BRDA:85,12,1,0
BRDA:85,13,0,0
BRDA:85,13,1,0
BRDA:141,14,0,0
BRDA:141,14,1,0
BRDA:141,15,0,0
BRDA:141,15,1,0
BRDA:142,16,0,0
BRDA:142,16,1,0
BRDA:142,17,0,0
BRDA:142,17,1,0
BRDA:159,18,0,0
BRDA:159,18,1,0
BRDA:165,19,0,0
BRDA:165,19,1,0
BRDA:195,20,0,0
BRDA:195,20,1,0
BRDA:200,21,0,0
BRDA:200,21,1,0
BRDA:205,22,0,0
BRDA:205,22,1,0
BRDA:245,23,0,0
BRDA:245,23,1,0
BRDA:259,24,0,0
BRDA:263,25,0,0
BRDA:263,25,1,0
BRDA:276,26,0,0
BRDA:276,26,1,0
BRDA:284,27,0,0
BRDA:284,27,1,0
BRDA:294,28,0,0
BRDA:294,28,1,0
BRDA:294,29,0,0
BRDA:294,29,1,0
BRDA:309,30,0,0
BRDA:309,30,1,0
BRDA:309,31,0,0
BRDA:309,31,1,0
BRDA:309,32,0,0
BRDA:309,32,1,0
BRDA:309,33,0,0
BRDA:309,33,1,0
BRDA:312,34,0,0
BRDA:312,34,1,0
BRDA:339,35,0,0
BRDA:339,35,1,0
BRDA:349,36,0,0
BRDA:349,36,1,0
BRF:73
BRH:0
end_of_record
TN:
SF:src\services\ServerManager.js
FN:12,(anonymous_0)
FN:38,(anonymous_1)
FN:88,(anonymous_2)
FN:132,(anonymous_3)
FN:153,(anonymous_4)
FN:162,(anonymous_5)
FN:171,(anonymous_6)
FN:188,(anonymous_7)
FN:209,(anonymous_8)
FN:237,(anonymous_9)
FN:263,(anonymous_10)
FN:280,(anonymous_11)
FN:287,(anonymous_12)
FN:296,(anonymous_13)
FNF:14
FNH:0
FNDA:0,(anonymous_0)
FNDA:0,(anonymous_1)
FNDA:0,(anonymous_2)
FNDA:0,(anonymous_3)
FNDA:0,(anonymous_4)
FNDA:0,(anonymous_5)
FNDA:0,(anonymous_6)
FNDA:0,(anonymous_7)
FNDA:0,(anonymous_8)
FNDA:0,(anonymous_9)
FNDA:0,(anonymous_10)
FNDA:0,(anonymous_11)
FNDA:0,(anonymous_12)
FNDA:0,(anonymous_13)
DA:8,1
DA:9,1
DA:13,0
DA:15,0
DA:16,0
DA:24,0
DA:29,0
DA:39,0
DA:40,0
DA:44,0
DA:45,0
DA:48,0
DA:50,0
DA:65,0
DA:68,0
DA:77,0
DA:79,0
DA:89,0
DA:91,0
DA:92,0
DA:96,0
DA:97,0
DA:101,0
DA:108,0
DA:111,0
DA:112,0
DA:122,0
DA:124,0
DA:133,0
DA:134,0
DA:138,0
DA:141,0
DA:144,0
DA:146,0
DA:154,0
DA:163,0
DA:172,0
DA:174,0
DA:175,0
DA:176,0
DA:180,0
DA:189,0
DA:191,0
DA:192,0
DA:195,0
DA:196,0
DA:199,0
DA:210,0
DA:212,0
DA:213,0
DA:216,0
DA:217,0
DA:221,0
DA:229,0
DA:238,0
DA:240,0
DA:241,0
DA:244,0
DA:246,0
DA:264,0
DA:266,0
DA:267,0
DA:268,0
DA:269,0
DA:273,0
DA:281,0
DA:286,0
DA:287,0
DA:288,0
DA:297,0
DA:298,0
DA:302,1
LF:72
LH:3
BRDA:12,0,0,0
BRDA:24,1,0,0
BRDA:24,1,1,0
BRDA:39,2,0,0
BRDA:39,2,1,0
BRDA:39,3,0,0
BRDA:39,3,1,0
BRDA:39,3,2,0
BRDA:44,4,0,0
BRDA:44,4,1,0
BRDA:44,5,0,0
BRDA:44,5,1,0
BRDA:48,6,0,0
BRDA:48,6,1,0
BRDA:54,7,0,0
BRDA:54,7,1,0
BRDA:55,8,0,0
BRDA:55,8,1,0
BRDA:56,9,0,0
BRDA:56,9,1,0
BRDA:57,10,0,0
BRDA:57,10,1,0
BRDA:58,11,0,0
BRDA:58,11,1,0
BRDA:61,12,0,0
BRDA:61,12,1,0
BRDA:91,13,0,0
BRDA:91,13,1,0
BRDA:96,14,0,0
BRDA:96,14,1,0
BRDA:96,15,0,0
BRDA:96,15,1,0
BRDA:111,16,0,0
BRDA:111,16,1,0
BRDA:111,17,0,0
BRDA:111,17,1,0
BRDA:111,17,2,0
BRDA:133,18,0,0
BRDA:133,18,1,0
BRDA:163,19,0,0
BRDA:163,19,1,0
BRDA:175,20,0,0
BRDA:175,20,1,0
BRDA:191,21,0,0
BRDA:191,21,1,0
BRDA:195,22,0,0
BRDA:195,22,1,0
BRDA:209,23,0,0
BRDA:212,24,0,0
BRDA:212,24,1,0
BRDA:216,25,0,0
BRDA:216,25,1,0
BRDA:240,26,0,0
BRDA:240,26,1,0
BRDA:251,27,0,0
BRDA:251,27,1,0
BRDA:252,28,0,0
BRDA:252,28,1,0
BRDA:253,29,0,0
BRDA:253,29,1,0
BRDA:254,30,0,0
BRDA:254,30,1,0
BRDA:255,31,0,0
BRDA:255,31,1,0
BRDA:268,32,0,0
BRDA:268,32,1,0
BRF:66
BRH:0
end_of_record
TN:
SF:src\services\SessionManager.js
FN:11,(anonymous_0)
FN:32,(anonymous_1)
FN:69,(anonymous_2)
FN:91,(anonymous_3)
FN:139,(anonymous_4)
FN:161,(anonymous_5)
FN:169,(anonymous_6)
FN:179,(anonymous_7)
FN:196,(anonymous_8)
FN:214,(anonymous_9)
FN:230,(anonymous_10)
FN:232,(anonymous_11)
FNF:12
FNH:0
FNDA:0,(anonymous_0)
FNDA:0,(anonymous_1)
FNDA:0,(anonymous_2)
FNDA:0,(anonymous_3)
FNDA:0,(anonymous_4)
FNDA:0,(anonymous_5)
FNDA:0,(anonymous_6)
FNDA:0,(anonymous_7)
FNDA:0,(anonymous_8)
FNDA:0,(anonymous_9)
FNDA:0,(anonymous_10)
FNDA:0,(anonymous_11)
DA:8,1
DA:12,0
DA:13,0
DA:14,0
DA:15,0
DA:16,0
DA:23,0
DA:34,0
DA:35,0
DA:36,0
DA:39,0
DA:40,0
DA:42,0
DA:57,0
DA:58,0
DA:59,0
DA:61,0
DA:70,0
DA:72,0
DA:73,0
DA:77,0
DA:78,0
DA:79,0
DA:82,0
DA:92,0
DA:94,0
DA:95,0
DA:99,0
DA:100,0
DA:103,0
DA:104,0
DA:108,0
DA:109,0
DA:112,0
DA:113,0
DA:117,0
DA:118,0
DA:122,0
DA:125,0
DA:126,0
DA:129,0
DA:130,0
DA:140,0
DA:142,0
DA:143,0
DA:146,0
DA:147,0
DA:149,0
DA:150,0
DA:153,0
DA:162,0
DA:170,0
DA:180,0
DA:181,0
DA:183,0
DA:184,0
DA:185,0
DA:186,0
DA:190,0
DA:197,0
DA:198,0
DA:199,0
DA:203,0
DA:204,0
DA:215,0
DA:217,0
DA:218,0
DA:219,0
DA:223,0
DA:232,0
DA:233,0
DA:237,0
DA:238,0
DA:243,1
LF:74
LH:2
BRDA:11,0,0,0
BRDA:13,1,0,0
BRDA:13,1,1,0
BRDA:14,2,0,0
BRDA:14,2,1,0
BRDA:32,3,0,0
BRDA:35,4,0,0
BRDA:35,4,1,0
BRDA:39,5,0,0
BRDA:39,5,1,0
BRDA:47,6,0,0
BRDA:47,6,1,0
BRDA:48,7,0,0
BRDA:48,7,1,0
BRDA:49,8,0,0
BRDA:49,8,1,0
BRDA:72,9,0,0
BRDA:72,9,1,0
BRDA:77,10,0,0
BRDA:77,10,1,0
BRDA:91,11,0,0
BRDA:94,12,0,0
BRDA:94,12,1,0
BRDA:99,13,0,0
BRDA:99,13,1,0
BRDA:103,14,0,0
BRDA:103,14,1,0
BRDA:108,15,0,0
BRDA:108,15,1,0
BRDA:112,16,0,0
BRDA:112,16,1,0
BRDA:117,17,0,0
BRDA:117,17,1,0
BRDA:125,18,0,0
BRDA:125,18,1,0
BRDA:139,19,0,0
BRDA:142,20,0,0
BRDA:142,20,1,0
BRDA:149,21,0,0
BRDA:149,21,1,0
BRDA:184,22,0,0
BRDA:184,22,1,0
BRDA:197,23,0,0
BRDA:197,23,1,0
BRDA:218,24,0,0
BRDA:218,24,1,0
BRDA:237,25,0,0
BRDA:237,25,1,0
BRF:48
BRH:0
end_of_record
TN:
SF:src\services\retryHandler.js
FNF:0
FNH:0
LF:0
LH:0
BRF:0
BRH:0
end_of_record
TN:
SF:src\utils\BandwidthTracker.js
FN:7,(anonymous_0)
FN:14,(anonymous_1)
FN:15,(anonymous_2)
FN:24,(anonymous_3)
FN:33,(anonymous_4)
FN:43,(anonymous_5)
FN:72,(anonymous_6)
FN:115,(anonymous_7)
FN:165,(anonymous_8)
FN:174,(anonymous_9)
FN:182,(anonymous_10)
FN:196,(anonymous_11)
FNF:12
FNH:8
FNDA:16,(anonymous_0)
FNDA:0,(anonymous_1)
FNDA:1,(anonymous_2)
FNDA:4,(anonymous_3)
FNDA:2,(anonymous_4)
FNDA:1,(anonymous_5)
FNDA:6,(anonymous_6)
FNDA:2,(anonymous_7)
FNDA:2,(anonymous_8)
FNDA:0,(anonymous_9)
FNDA:0,(anonymous_10)
FNDA:0,(anonymous_11)
DA:8,16
DA:9,16
DA:10,16
DA:11,16
DA:12,16
DA:13,16
DA:25,4
DA:34,2
DA:45,1
DA:50,1
DA:55,1
DA:56,1
DA:58,1
DA:73,6
DA:75,6
DA:76,6
DA:79,6
DA:80,3
DA:88,6
DA:89,6
DA:90,6
DA:92,6
DA:93,3
DA:96,6
DA:97,6
DA:98,6
DA:101,6
DA:102,3
DA:105,6
DA:106,6
DA:107,6
DA:116,2
DA:117,2
DA:119,2
DA:130,2
DA:131,0
DA:132,0
DA:133,2
DA:134,0
DA:135,0
DA:139,2
DA:140,2
DA:142,2
DA:148,2
DA:149,1
DA:150,1
DA:151,1
DA:152,1
DA:153,1
DA:157,2
DA:166,2
DA:175,0
DA:183,0
DA:186,0
DA:187,0
DA:188,0
DA:197,0
DA:198,0
DA:202,3
LF:59
LH:48
BRDA:7,0,0,11
BRDA:10,1,0,16
BRDA:10,1,1,11
BRDA:11,2,0,16
BRDA:11,2,1,11
BRDA:12,3,0,16
BRDA:12,3,1,16
BRDA:14,4,0,16
BRDA:14,4,1,15
BRDA:15,5,0,16
BRDA:15,5,1,16
BRDA:43,6,0,0
BRDA:43,7,0,0
BRDA:45,8,0,1
BRDA:45,8,1,0
BRDA:46,9,0,0
BRDA:46,9,1,1
BRDA:50,10,0,1
BRDA:50,10,1,0
BRDA:51,11,0,0
BRDA:51,11,1,1
BRDA:73,12,0,0
BRDA:73,12,1,6
BRDA:79,13,0,3
BRDA:79,13,1,3
BRDA:92,14,0,3
BRDA:92,14,1,3
BRDA:101,15,0,3
BRDA:101,15,1,3
BRDA:117,16,0,2
BRDA:117,16,1,0
BRDA:130,17,0,0
BRDA:130,17,1,2
BRDA:133,18,0,0
BRDA:133,18,1,2
BRDA:139,19,0,2
BRDA:139,19,1,0
BRDA:139,20,0,2
BRDA:139,20,1,2
BRDA:148,21,0,1
BRDA:148,21,1,1
BRDA:151,22,0,1
BRDA:151,22,1,0
BRDA:166,23,0,2
BRDA:166,23,1,0
BRDA:174,24,0,0
BRDA:175,25,0,0
BRDA:175,25,1,0
BRDA:187,26,0,0
BRDA:187,26,1,0
BRF:50
BRH:32
end_of_record
TN:
SF:src\utils\DnsLeakPrevention.js
FN:14,(anonymous_0)
FN:36,(anonymous_1)
FN:56,(anonymous_2)
FN:86,(anonymous_3)
FN:93,(anonymous_4)
FN:103,(anonymous_5)
FN:113,(anonymous_6)
FN:123,(anonymous_7)
FN:133,(anonymous_8)
FN:141,(anonymous_9)
FN:152,(anonymous_10)
FN:202,(anonymous_11)
FN:226,(anonymous_12)
FN:240,(anonymous_13)
FN:263,(anonymous_14)
FN:270,(anonymous_15)
FN:271,(anonymous_16)
FN:277,(anonymous_17)
FN:281,(anonymous_18)
FN:294,(anonymous_19)
FN:303,(anonymous_20)
FN:319,(anonymous_21)
FN:329,(anonymous_22)
FN:332,(anonymous_23)
FN:333,(anonymous_24)
FN:346,(anonymous_25)
FN:347,(anonymous_26)
FN:349,(anonymous_27)
FN:351,(anonymous_28)
FN:374,(anonymous_29)
FN:386,(anonymous_30)
FNF:31
FNH:8
FNDA:6,(anonymous_0)
FNDA:2,(anonymous_1)
FNDA:1,(anonymous_2)
FNDA:0,(anonymous_3)
FNDA:0,(anonymous_4)
FNDA:2,(anonymous_5)
FNDA:1,(anonymous_6)
FNDA:1,(anonymous_7)
FNDA:0,(anonymous_8)
FNDA:0,(anonymous_9)
FNDA:0,(anonymous_10)
FNDA:1,(anonymous_11)
FNDA:1,(anonymous_12)
FNDA:0,(anonymous_13)
FNDA:0,(anonymous_14)
FNDA:0,(anonymous_15)
FNDA:0,(anonymous_16)
FNDA:0,(anonymous_17)
FNDA:0,(anonymous_18)
FNDA:0,(anonymous_19)
FNDA:0,(anonymous_20)
FNDA:0,(anonymous_21)
FNDA:0,(anonymous_22)
FNDA:0,(anonymous_23)
FNDA:0,(anonymous_24)
FNDA:0,(anonymous_25)
FNDA:0,(anonymous_26)
FNDA:0,(anonymous_27)
FNDA:0,(anonymous_28)
FNDA:0,(anonymous_29)
FNDA:0,(anonymous_30)
DA:8,1
DA:9,1
DA:10,1
DA:11,1
DA:15,6
DA:16,6
DA:17,6
DA:22,6
DA:27,6
DA:28,6
DA:37,2
DA:38,0
DA:42,2
DA:43,4
DA:44,1
DA:48,1
DA:57,1
DA:58,0
DA:61,1
DA:64,1
DA:65,1
DA:68,1
DA:71,1
DA:72,0
DA:76,1
DA:77,1
DA:80,1
DA:87,0
DA:94,0
DA:104,2
DA:114,1
DA:125,1
DA:134,0
DA:142,0
DA:143,0
DA:153,0
DA:154,0
DA:161,0
DA:162,0
DA:167,0
DA:171,0
DA:172,0
DA:177,0
DA:181,0
DA:182,0
DA:187,0
DA:191,0
DA:192,0
DA:194,0
DA:203,1
DA:204,0
DA:207,1
DA:208,1
DA:211,1
DA:212,1
DA:216,1
DA:218,1
DA:227,1
DA:230,1
DA:242,0
DA:243,0
DA:244,0
DA:245,0
DA:252,0
DA:253,0
DA:256,0
DA:264,0
DA:265,0
DA:267,0
DA:268,0
DA:270,0
DA:271,0
DA:273,0
DA:274,0
DA:277,0
DA:279,0
DA:280,0
DA:281,0
DA:283,0
DA:286,0
DA:287,0
DA:295,0
DA:304,0
DA:305,0
DA:309,0
DA:310,0
DA:313,0
DA:314,0
DA:317,0
DA:318,0
DA:319,0
DA:320,0
DA:321,0
DA:323,0
DA:325,0
DA:326,0
DA:327,0
DA:329,0
DA:332,0
DA:333,0
DA:334,0
DA:337,0
DA:339,0
DA:342,0
DA:343,0
DA:344,0
DA:346,0
DA:347,0
DA:349,0
DA:350,0
DA:351,0
DA:352,0
DA:355,0
DA:357,0
DA:359,0
DA:362,0
DA:366,0
DA:367,0
DA:375,0
DA:376,0
DA:379,0
DA:387,0
DA:402,1
LF:123
LH:37
BRDA:14,0,0,6
BRDA:16,1,0,6
BRDA:16,1,1,6
BRDA:17,2,0,6
BRDA:17,2,1,6
BRDA:37,3,0,0
BRDA:37,3,1,2
BRDA:43,4,0,1
BRDA:43,4,1,3
BRDA:57,5,0,0
BRDA:57,5,1,1
BRDA:71,6,0,0
BRDA:71,6,1,1
BRDA:76,7,0,1
BRDA:76,7,1,0
BRDA:104,8,0,2
BRDA:104,8,1,1
BRDA:125,9,0,1
BRDA:125,9,1,0
BRDA:142,10,0,0
BRDA:142,10,1,0
BRDA:161,11,0,0
BRDA:161,11,1,0
BRDA:171,12,0,0
BRDA:171,12,1,0
BRDA:181,13,0,0
BRDA:181,13,1,0
BRDA:203,14,0,0
BRDA:203,14,1,1
BRDA:203,15,0,1
BRDA:203,15,1,1
BRDA:211,16,0,1
BRDA:211,16,1,0
BRDA:211,17,0,1
BRDA:211,17,1,1
BRDA:227,18,0,0
BRDA:227,18,1,1
BRDA:244,19,0,0
BRDA:244,19,1,0
BRDA:244,20,0,0
BRDA:244,20,1,0
BRDA:244,20,2,0
BRDA:252,21,0,0
BRDA:252,21,1,0
BRDA:252,22,0,0
BRDA:252,22,1,0
BRDA:265,23,0,0
BRDA:265,23,1,0
BRDA:265,23,2,0
BRDA:265,23,3,0
BRDA:280,24,0,0
BRDA:280,24,1,0
BRDA:304,25,0,0
BRDA:304,25,1,0
BRDA:304,26,0,0
BRDA:304,26,1,0
BRDA:309,27,0,0
BRDA:309,27,1,0
BRDA:314,28,0,0
BRDA:314,28,1,0
BRDA:314,28,2,0
BRDA:317,29,0,0
BRDA:317,29,1,0
BRDA:317,30,0,0
BRDA:317,30,1,0
BRDA:325,31,0,0
BRDA:325,31,1,0
BRDA:325,32,0,0
BRDA:325,32,1,0
BRDA:329,33,0,0
BRDA:329,33,1,0
BRDA:346,34,0,0
BRDA:346,34,1,0
BRDA:375,35,0,0
BRDA:375,35,1,0
BRF:75
BRH:21
end_of_record
TN:
SF:src\utils\RobotsParser.js
FN:12,(anonymous_0)
FN:25,(anonymous_1)
FN:57,(anonymous_2)
FN:65,(anonymous_3)
FN:76,(anonymous_4)
FN:87,(anonymous_5)
FN:105,(anonymous_6)
FN:109,(anonymous_7)
FN:148,(anonymous_8)
FNF:9
FNH:8
FNDA:7,(anonymous_0)
FNDA:6,(anonymous_1)
FNDA:1,(anonymous_2)
FNDA:1,(anonymous_3)
FNDA:0,(anonymous_4)
FNDA:4,(anonymous_5)
FNDA:6,(anonymous_6)
FNDA:6,(anonymous_7)
FNDA:4,(anonymous_8)
DA:8,1
DA:9,1
DA:13,7
DA:14,7
DA:15,7
DA:16,7
DA:17,7
DA:26,6
DA:27,6
DA:28,6
DA:31,6
DA:32,0
DA:35,6
DA:42,4
DA:43,4
DA:44,4
DA:48,2
DA:49,2
DA:58,1
DA:66,1
DA:67,0
DA:70,1
DA:71,1
DA:72,1
DA:74,1
DA:75,0
DA:76,0
DA:79,1
DA:88,4
DA:89,4
DA:90,4
DA:93,4
DA:94,1
DA:98,4
DA:99,1
DA:102,3
DA:105,3
DA:106,6
DA:109,3
DA:110,6
DA:114,3
DA:117,3
DA:118,0
DA:122,3
DA:123,5
DA:124,1
DA:129,2
DA:130,2
DA:131,1
DA:136,1
DA:139,0
DA:149,4
DA:150,4
DA:151,4
DA:152,4
DA:154,4
DA:155,23
DA:158,23
DA:159,9
DA:163,14
DA:164,14
DA:167,14
DA:168,0
DA:171,14
DA:173,5
DA:174,5
DA:177,5
DA:178,5
DA:184,5
DA:187,2
DA:188,2
DA:194,2
DA:197,2
DA:198,2
DA:199,2
DA:200,2
DA:203,2
DA:209,1
LF:78
LH:71
BRDA:12,0,0,6
BRDA:31,1,0,0
BRDA:31,1,1,6
BRDA:42,2,0,4
BRDA:42,2,1,0
BRDA:66,3,0,0
BRDA:66,3,1,1
BRDA:74,4,0,0
BRDA:74,4,1,1
BRDA:93,5,0,1
BRDA:93,5,1,3
BRDA:98,6,0,1
BRDA:98,6,1,3
BRDA:114,7,0,0
BRDA:114,7,1,3
BRDA:117,8,0,0
BRDA:117,8,1,3
BRDA:123,9,0,1
BRDA:123,9,1,4
BRDA:123,10,0,5
BRDA:123,10,1,2
BRDA:130,11,0,1
BRDA:130,11,1,1
BRDA:130,12,0,2
BRDA:130,12,1,2
BRDA:130,12,2,2
BRDA:158,13,0,9
BRDA:158,13,1,14
BRDA:158,14,0,23
BRDA:158,14,1,23
BRDA:167,15,0,0
BRDA:167,15,1,14
BRDA:171,16,0,5
BRDA:171,16,1,5
BRDA:171,16,2,2
BRDA:171,16,3,2
BRDA:177,17,0,5
BRDA:177,17,1,0
BRDA:187,18,0,2
BRDA:187,18,1,0
BRDA:197,19,0,2
BRDA:197,19,1,0
BRDA:199,20,0,2
BRDA:199,20,1,0
BRF:44
BRH:33
end_of_record
TN:
SF:src\utils\RotatingProxyList.js
FN:7,(anonymous_0)
FN:23,(anonymous_1)
FN:35,(anonymous_2)
FN:54,(anonymous_3)
FN:63,(anonymous_4)
FN:67,(anonymous_5)
FN:80,(anonymous_6)
FN:89,(anonymous_7)
FN:91,(anonymous_8)
FN:93,(anonymous_9)
FN:97,(anonymous_10)
FN:107,(anonymous_11)
FN:118,(anonymous_12)
FNF:13
FNH:11
FNDA:12,(anonymous_0)
FNDA:6,(anonymous_1)
FNDA:5,(anonymous_2)
FNDA:1,(anonymous_3)
FNDA:1,(anonymous_4)
FNDA:3,(anonymous_5)
FNDA:2,(anonymous_6)
FNDA:2,(anonymous_7)
FNDA:1,(anonymous_8)
FNDA:1,(anonymous_9)
FNDA:0,(anonymous_10)
FNDA:0,(anonymous_11)
FNDA:1,(anonymous_12)
DA:8,12
DA:9,12
DA:10,12
DA:11,12
DA:12,12
DA:14,12
DA:15,1
DA:24,6
DA:25,1
DA:28,5
DA:36,5
DA:37,1
DA:40,4
DA:41,1
DA:44,3
DA:47,4
DA:55,1
DA:64,1
DA:65,1
DA:67,3
DA:69,1
DA:70,0
DA:73,1
DA:81,2
DA:82,2
DA:90,2
DA:91,1
DA:92,1
DA:94,1
DA:95,1
DA:98,0
DA:108,0
DA:109,0
DA:110,0
DA:119,1
DA:121,1
DA:122,1
DA:127,3
LF:38
LH:33
BRDA:7,0,0,1
BRDA:8,1,0,12
BRDA:8,1,1,1
BRDA:10,2,0,12
BRDA:10,2,1,11
BRDA:11,3,0,12
BRDA:11,3,1,11
BRDA:14,4,0,1
BRDA:14,4,1,11
BRDA:24,5,0,1
BRDA:24,5,1,5
BRDA:36,6,0,1
BRDA:36,6,1,4
BRDA:40,7,0,1
BRDA:40,7,1,3
BRDA:64,8,0,1
BRDA:64,8,1,0
BRDA:69,9,0,0
BRDA:69,9,1,1
BRDA:69,10,0,1
BRDA:69,10,1,1
BRDA:81,11,0,2
BRDA:81,11,1,0
BRDA:90,12,0,1
BRDA:90,12,1,1
BRDA:90,13,0,2
BRDA:90,13,1,2
BRDA:108,14,0,0
BRDA:108,14,1,0
BRDA:121,15,0,1
BRDA:121,15,1,0
BRDA:121,16,0,1
BRDA:121,16,1,1
BRF:33
BRH:27
end_of_record
TN:
SF:src\utils\bandwidthMonitor.js
FNF:0
FNH:0
LF:0
LH:0
BRF:0
BRH:0
end_of_record
TN:
SF:src\utils\edgeCaseHandler.js
FNF:0
FNH:0
LF:0
LH:0
BRF:0
BRH:0
end_of_record
TN:
SF:src\utils\errorBoundary.js
FNF:0
FNH:0
LF:0
LH:0
BRF:0
BRH:0
end_of_record
TN:
SF:src\utils\proxyUtils.js
FNF:0
FNH:0
LF:0
LH:0
BRF:0
BRH:0
end_of_record
TN:
SF:src\utils\validator.js
FNF:0
FNH:0
LF:0
LH:0
BRF:0
BRH:0
end_of_record
